<?xml version="1.0" encoding="UTF-8"?>
<!-- Generated by org.testng.reporters.JUnitXMLReporter -->
<testsuite hostname="DESKTOP-7FHEVMK" ignored="0" name="Surefire test" tests="4" failures="0" timestamp="04 sep 2020 02:26:34 GMT" time="20.138" errors="0">
  <testcase name="dividir" time="3.24" classname="com.example.service.CalculateSimpleTest"/>
  <testcase name="multiplicar" time="3.216" classname="com.example.service.CalculateSimpleTest"/>
  <testcase name="resta" time="3.23" classname="com.example.service.CalculateSimpleTest"/>
  <testcase name="suma" time="3.22" classname="com.example.service.CalculateSimpleTest"/>
</testsuite> <!-- Surefire test -->
