<?xml version="1.0" encoding="UTF-8"?>
<testng-results skipped="0" failed="0" ignored="0" total="4" passed="4">
  <reporter-output>
  </reporter-output>
  <suite name="Surefire suite" duration-ms="20138" started-at="2020-09-04T02:26:14Z" finished-at="2020-09-04T02:26:34Z">
    <groups>
    </groups>
    <test name="Surefire test" duration-ms="20138" started-at="2020-09-04T02:26:14Z" finished-at="2020-09-04T02:26:34Z">
      <class name="com.example.service.CalculateSimpleTest">
        <test-method status="PASS" signature="launchBrowser()[pri:0, instance:com.example.service.CalculateSimpleTest@566776ad]" name="launchBrowser" is-config="true" duration-ms="6798" started-at="2020-09-04T02:26:14Z" finished-at="2020-09-04T02:26:21Z">
          <reporter-output>
          </reporter-output>
        </test-method> <!-- launchBrowser -->
        <test-method status="PASS" signature="borrar()[pri:0, instance:com.example.service.CalculateSimpleTest@566776ad]" name="borrar" is-config="true" duration-ms="127" started-at="2020-09-04T02:26:21Z" finished-at="2020-09-04T02:26:21Z">
          <reporter-output>
          </reporter-output>
        </test-method> <!-- borrar -->
        <test-method status="PASS" signature="dividir()[pri:0, instance:com.example.service.CalculateSimpleTest@566776ad]" name="dividir" duration-ms="3240" started-at="2020-09-04T02:26:21Z" finished-at="2020-09-04T02:26:24Z">
          <reporter-output>
          </reporter-output>
        </test-method> <!-- dividir -->
        <test-method status="PASS" signature="borrar()[pri:0, instance:com.example.service.CalculateSimpleTest@566776ad]" name="borrar" is-config="true" duration-ms="93" started-at="2020-09-04T02:26:24Z" finished-at="2020-09-04T02:26:24Z">
          <reporter-output>
          </reporter-output>
        </test-method> <!-- borrar -->
        <test-method status="PASS" signature="multiplicar()[pri:0, instance:com.example.service.CalculateSimpleTest@566776ad]" name="multiplicar" duration-ms="3216" started-at="2020-09-04T02:26:24Z" finished-at="2020-09-04T02:26:27Z">
          <reporter-output>
          </reporter-output>
        </test-method> <!-- multiplicar -->
        <test-method status="PASS" signature="borrar()[pri:0, instance:com.example.service.CalculateSimpleTest@566776ad]" name="borrar" is-config="true" duration-ms="94" started-at="2020-09-04T02:26:27Z" finished-at="2020-09-04T02:26:27Z">
          <reporter-output>
          </reporter-output>
        </test-method> <!-- borrar -->
        <test-method status="PASS" signature="resta()[pri:0, instance:com.example.service.CalculateSimpleTest@566776ad]" name="resta" duration-ms="3230" started-at="2020-09-04T02:26:27Z" finished-at="2020-09-04T02:26:31Z">
          <reporter-output>
          </reporter-output>
        </test-method> <!-- resta -->
        <test-method status="PASS" signature="borrar()[pri:0, instance:com.example.service.CalculateSimpleTest@566776ad]" name="borrar" is-config="true" duration-ms="102" started-at="2020-09-04T02:26:31Z" finished-at="2020-09-04T02:26:31Z">
          <reporter-output>
          </reporter-output>
        </test-method> <!-- borrar -->
        <test-method status="PASS" signature="suma()[pri:0, instance:com.example.service.CalculateSimpleTest@566776ad]" name="suma" duration-ms="3220" started-at="2020-09-04T02:26:31Z" finished-at="2020-09-04T02:26:34Z">
          <reporter-output>
          </reporter-output>
        </test-method> <!-- suma -->
      </class> <!-- com.example.service.CalculateSimpleTest -->
    </test> <!-- Surefire test -->
  </suite> <!-- Surefire suite -->
</testng-results>
