<?xml version="1.0" encoding="UTF-8"?>
<testsuite name="com.example.service.CalculateSimpleTest" time="12.88" tests="4" errors="0" skipped="0" failures="4">
  <properties>
[...]
</properties>
  <testcase name="dividir" classname="com.example.service.CalculateSimpleTest" time="3.234">
    <failure message="expected [3] but found [Resultado: 3.0]" type="java.lang.AssertionError">java.lang.AssertionError: expected [3] but found [Resultado: 3.0]
	at org.testng.Assert.fail(Assert.java:96)
	at org.testng.Assert.failNotEquals(Assert.java:776)
	at org.testng.Assert.assertEqualsImpl(Assert.java:137)
	at org.testng.Assert.assertEquals(Assert.java:118)
	at org.testng.Assert.assertEquals(Assert.java:442)
	at com.example.service.CalculateSimpleTest.dividir(CalculateSimpleTest.java:122)
</failure>
    <system-out><![CDATA[Configuring TestNG with: TestNG652Configurator
22:04:55.875 [Forwarding newSession on session null to remote] DEBUG org.apache.http.client.protocol.RequestAddCookies - CookieSpec selected: default
22:04:55.885 [Forwarding newSession on session null to remote] DEBUG org.apache.http.client.protocol.RequestAuthCache - Auth cache not set in the context
22:04:55.887 [Forwarding newSession on session null to remote] DEBUG org.apache.http.impl.conn.PoolingHttpClientConnectionManager - Connection request: [route: {}->http://localhost:34166][total kept alive: 0; route allocated: 0 of 2000; total allocated: 0 of 2000]
22:04:55.898 [Forwarding newSession on session null to remote] DEBUG org.apache.http.impl.conn.PoolingHttpClientConnectionManager - Connection leased: [id: 0][route: {}->http://localhost:34166][total kept alive: 0; route allocated: 1 of 2000; total allocated: 1 of 2000]
22:04:55.900 [Forwarding newSession on session null to remote] DEBUG org.apache.http.impl.execchain.MainClientExec - Opening connection {}->http://localhost:34166
22:04:55.901 [Forwarding newSession on session null to remote] DEBUG org.apache.http.impl.conn.DefaultHttpClientConnectionOperator - Connecting to localhost/127.0.0.1:34166
22:04:55.902 [Forwarding newSession on session null to remote] DEBUG org.apache.http.impl.conn.DefaultHttpClientConnectionOperator - Connection established 127.0.0.1:58017<->127.0.0.1:34166
22:04:55.902 [Forwarding newSession on session null to remote] DEBUG org.apache.http.impl.conn.DefaultManagedHttpClientConnection - http-outgoing-0: set socket timeout to 10800000
22:04:55.902 [Forwarding newSession on session null to remote] DEBUG org.apache.http.impl.execchain.MainClientExec - Executing request POST /session HTTP/1.1
22:04:55.902 [Forwarding newSession on session null to remote] DEBUG org.apache.http.impl.execchain.MainClientExec - Target auth state: UNCHALLENGED
22:04:55.903 [Forwarding newSession on session null to remote] DEBUG org.apache.http.impl.execchain.MainClientExec - Proxy auth state: UNCHALLENGED
22:04:55.904 [Forwarding newSession on session null to remote] DEBUG org.apache.http.headers - http-outgoing-0 >> POST /session HTTP/1.1
22:04:55.904 [Forwarding newSession on session null to remote] DEBUG org.apache.http.headers - http-outgoing-0 >> Content-Type: application/json; charset=utf-8
22:04:55.904 [Forwarding newSession on session null to remote] DEBUG org.apache.http.headers - http-outgoing-0 >> Content-Length: 122
22:04:55.904 [Forwarding newSession on session null to remote] DEBUG org.apache.http.headers - http-outgoing-0 >> Host: localhost:34166
22:04:55.904 [Forwarding newSession on session null to remote] DEBUG org.apache.http.headers - http-outgoing-0 >> Connection: Keep-Alive
22:04:55.904 [Forwarding newSession on session null to remote] DEBUG org.apache.http.headers - http-outgoing-0 >> User-Agent: Apache-HttpClient/4.5.3 (Java/1.8.0_201)
22:04:55.904 [Forwarding newSession on session null to remote] DEBUG org.apache.http.headers - http-outgoing-0 >> Accept-Encoding: gzip,deflate
22:04:55.905 [Forwarding newSession on session null to remote] DEBUG org.apache.http.wire - http-outgoing-0 >> "POST /session HTTP/1.1[\r][\n]"
22:04:55.905 [Forwarding newSession on session null to remote] DEBUG org.apache.http.wire - http-outgoing-0 >> "Content-Type: application/json; charset=utf-8[\r][\n]"
22:04:55.905 [Forwarding newSession on session null to remote] DEBUG org.apache.http.wire - http-outgoing-0 >> "Content-Length: 122[\r][\n]"
22:04:55.905 [Forwarding newSession on session null to remote] DEBUG org.apache.http.wire - http-outgoing-0 >> "Host: localhost:34166[\r][\n]"
22:04:55.905 [Forwarding newSession on session null to remote] DEBUG org.apache.http.wire - http-outgoing-0 >> "Connection: Keep-Alive[\r][\n]"
22:04:55.905 [Forwarding newSession on session null to remote] DEBUG org.apache.http.wire - http-outgoing-0 >> "User-Agent: Apache-HttpClient/4.5.3 (Java/1.8.0_201)[\r][\n]"
22:04:55.905 [Forwarding newSession on session null to remote] DEBUG org.apache.http.wire - http-outgoing-0 >> "Accept-Encoding: gzip,deflate[\r][\n]"
22:04:55.905 [Forwarding newSession on session null to remote] DEBUG org.apache.http.wire - http-outgoing-0 >> "[\r][\n]"
22:04:55.905 [Forwarding newSession on session null to remote] DEBUG org.apache.http.wire - http-outgoing-0 >> "{"desiredCapabilities":{"browserName":"chrome","chromeOptions":{"args":[],"extensions":[]},"version":"","platform":"ANY"}}"
22:04:58.587 [Forwarding newSession on session null to remote] DEBUG org.apache.http.wire - http-outgoing-0 << "HTTP/1.1 200 OK[\r][\n]"
22:04:58.587 [Forwarding newSession on session null to remote] DEBUG org.apache.http.wire - http-outgoing-0 << "Content-Length:1068[\r][\n]"
22:04:58.587 [Forwarding newSession on session null to remote] DEBUG org.apache.http.wire - http-outgoing-0 << "Content-Type:application/json; charset=utf-8[\r][\n]"
22:04:58.587 [Forwarding newSession on session null to remote] DEBUG org.apache.http.wire - http-outgoing-0 << "[\r][\n]"
22:04:58.587 [Forwarding newSession on session null to remote] DEBUG org.apache.http.wire - http-outgoing-0 << "{"sessionId":"5010ef7e204650f5b76a6c1cbf3a3bef","status":0,"value":{"acceptInsecureCerts":false,"acceptSslCerts":false,"applicationCacheEnabled":false,"browserConnectionEnabled":false,"browserName":"chrome","chrome":{"chromedriverVersion":"85.0.4183.83 (94abc2237ae0c9a4cb5f035431c8adfb94324633-refs/branch-heads/4183@{#1658})","userDataDir":"C:\\Users\\Franz\\AppData\\Local\\Temp\\scoped_dir2332_964175701"},"cssSelectorsEnabled":true,"databaseEnabled":false,"goog:chromeOptions":{"debuggerAddress":"localhost:58019"},"handlesAlerts":true,"hasTouchScreen":false,"javascriptEnabled":true,"locationContextEnabled":true,"mobileEmulationEnabled":false,"nativeEvents":true,"networkConnectionEnabled":false,"pageLoadStrategy":"normal","platform":"Windows","proxy":{},"rotatable":false,"setWindowRect":true,"strictFileInteractability":false,"takesHeapSnapshot":true,"takesScreenshot":true,"timeouts":{"implicit":0,"pageLoad":300000,"script":30000},"unexpectedAlertBehaviour":"ignore","version":"85.0.4183.83","webStorageEnabled":true,"webauthn:virtualAuthenticators":true}}"
22:04:58.587 [Forwarding newSession on session null to remote] DEBUG org.apache.http.headers - http-outgoing-0 << HTTP/1.1 200 OK
22:04:58.587 [Forwarding newSession on session null to remote] DEBUG org.apache.http.headers - http-outgoing-0 << Content-Length:1068
22:04:58.587 [Forwarding newSession on session null to remote] DEBUG org.apache.http.headers - http-outgoing-0 << Content-Type:application/json; charset=utf-8
22:04:58.587 [Forwarding newSession on session null to remote] DEBUG org.apache.http.impl.execchain.MainClientExec - Connection can be kept alive indefinitely
22:04:58.603 [Forwarding newSession on session null to remote] DEBUG org.apache.http.impl.conn.PoolingHttpClientConnectionManager - Connection [id: 0][route: {}->http://localhost:34166] can be kept alive indefinitely
22:04:58.603 [Forwarding newSession on session null to remote] DEBUG org.apache.http.impl.conn.PoolingHttpClientConnectionManager - Connection released: [id: 0][route: {}->http://localhost:34166][total kept alive: 1; route allocated: 1 of 2000; total allocated: 1 of 2000]
22:04:58.603 [Forwarding get on session 5010ef7e204650f5b76a6c1cbf3a3bef to remote] DEBUG org.apache.http.client.protocol.RequestAddCookies - CookieSpec selected: default
22:04:58.603 [Forwarding get on session 5010ef7e204650f5b76a6c1cbf3a3bef to remote] DEBUG org.apache.http.client.protocol.RequestAuthCache - Auth cache not set in the context
22:04:58.603 [Forwarding get on session 5010ef7e204650f5b76a6c1cbf3a3bef to remote] DEBUG org.apache.http.impl.conn.PoolingHttpClientConnectionManager - Connection request: [route: {}->http://localhost:34166][total kept alive: 1; route allocated: 1 of 2000; total allocated: 1 of 2000]
22:04:58.603 [Forwarding get on session 5010ef7e204650f5b76a6c1cbf3a3bef to remote] DEBUG org.apache.http.impl.conn.PoolingHttpClientConnectionManager - Connection leased: [id: 0][route: {}->http://localhost:34166][total kept alive: 0; route allocated: 1 of 2000; total allocated: 1 of 2000]
22:04:58.603 [Forwarding get on session 5010ef7e204650f5b76a6c1cbf3a3bef to remote] DEBUG org.apache.http.impl.execchain.MainClientExec - Stale connection check
22:04:58.619 [Forwarding get on session 5010ef7e204650f5b76a6c1cbf3a3bef to remote] DEBUG org.apache.http.wire - http-outgoing-0 << "[read] I/O error: Read timed out"
22:04:58.619 [Forwarding get on session 5010ef7e204650f5b76a6c1cbf3a3bef to remote] DEBUG org.apache.http.impl.conn.DefaultManagedHttpClientConnection - http-outgoing-0: set socket timeout to 10800000
22:04:58.619 [Forwarding get on session 5010ef7e204650f5b76a6c1cbf3a3bef to remote] DEBUG org.apache.http.impl.execchain.MainClientExec - Executing request POST /session/5010ef7e204650f5b76a6c1cbf3a3bef/url HTTP/1.1
22:04:58.619 [Forwarding get on session 5010ef7e204650f5b76a6c1cbf3a3bef to remote] DEBUG org.apache.http.impl.execchain.MainClientExec - Target auth state: UNCHALLENGED
22:04:58.619 [Forwarding get on session 5010ef7e204650f5b76a6c1cbf3a3bef to remote] DEBUG org.apache.http.impl.execchain.MainClientExec - Proxy auth state: UNCHALLENGED
22:04:58.619 [Forwarding get on session 5010ef7e204650f5b76a6c1cbf3a3bef to remote] DEBUG org.apache.http.headers - http-outgoing-0 >> POST /session/5010ef7e204650f5b76a6c1cbf3a3bef/url HTTP/1.1
22:04:58.619 [Forwarding get on session 5010ef7e204650f5b76a6c1cbf3a3bef to remote] DEBUG org.apache.http.headers - http-outgoing-0 >> Content-Type: application/json; charset=utf-8
22:04:58.619 [Forwarding get on session 5010ef7e204650f5b76a6c1cbf3a3bef to remote] DEBUG org.apache.http.headers - http-outgoing-0 >> Content-Length: 43
22:04:58.619 [Forwarding get on session 5010ef7e204650f5b76a6c1cbf3a3bef to remote] DEBUG org.apache.http.headers - http-outgoing-0 >> Host: localhost:34166
22:04:58.619 [Forwarding get on session 5010ef7e204650f5b76a6c1cbf3a3bef to remote] DEBUG org.apache.http.headers - http-outgoing-0 >> Connection: Keep-Alive
22:04:58.619 [Forwarding get on session 5010ef7e204650f5b76a6c1cbf3a3bef to remote] DEBUG org.apache.http.headers - http-outgoing-0 >> User-Agent: Apache-HttpClient/4.5.3 (Java/1.8.0_201)
22:04:58.619 [Forwarding get on session 5010ef7e204650f5b76a6c1cbf3a3bef to remote] DEBUG org.apache.http.headers - http-outgoing-0 >> Accept-Encoding: gzip,deflate
22:04:58.619 [Forwarding get on session 5010ef7e204650f5b76a6c1cbf3a3bef to remote] DEBUG org.apache.http.wire - http-outgoing-0 >> "POST /session/5010ef7e204650f5b76a6c1cbf3a3bef/url HTTP/1.1[\r][\n]"
22:04:58.619 [Forwarding get on session 5010ef7e204650f5b76a6c1cbf3a3bef to remote] DEBUG org.apache.http.wire - http-outgoing-0 >> "Content-Type: application/json; charset=utf-8[\r][\n]"
22:04:58.619 [Forwarding get on session 5010ef7e204650f5b76a6c1cbf3a3bef to remote] DEBUG org.apache.http.wire - http-outgoing-0 >> "Content-Length: 43[\r][\n]"
22:04:58.619 [Forwarding get on session 5010ef7e204650f5b76a6c1cbf3a3bef to remote] DEBUG org.apache.http.wire - http-outgoing-0 >> "Host: localhost:34166[\r][\n]"
22:04:58.619 [Forwarding get on session 5010ef7e204650f5b76a6c1cbf3a3bef to remote] DEBUG org.apache.http.wire - http-outgoing-0 >> "Connection: Keep-Alive[\r][\n]"
22:04:58.619 [Forwarding get on session 5010ef7e204650f5b76a6c1cbf3a3bef to remote] DEBUG org.apache.http.wire - http-outgoing-0 >> "User-Agent: Apache-HttpClient/4.5.3 (Java/1.8.0_201)[\r][\n]"
22:04:58.619 [Forwarding get on session 5010ef7e204650f5b76a6c1cbf3a3bef to remote] DEBUG org.apache.http.wire - http-outgoing-0 >> "Accept-Encoding: gzip,deflate[\r][\n]"
22:04:58.619 [Forwarding get on session 5010ef7e204650f5b76a6c1cbf3a3bef to remote] DEBUG org.apache.http.wire - http-outgoing-0 >> "[\r][\n]"
22:04:58.619 [Forwarding get on session 5010ef7e204650f5b76a6c1cbf3a3bef to remote] DEBUG org.apache.http.wire - http-outgoing-0 >> "{"url":"http://localhost:5050/calculadora"}"
22:04:58.794 [Forwarding get on session 5010ef7e204650f5b76a6c1cbf3a3bef to remote] DEBUG org.apache.http.wire - http-outgoing-0 << "HTTP/1.1 200 OK[\r][\n]"
22:04:58.795 [Forwarding get on session 5010ef7e204650f5b76a6c1cbf3a3bef to remote] DEBUG org.apache.http.wire - http-outgoing-0 << "Content-Length:72[\r][\n]"
22:04:58.795 [Forwarding get on session 5010ef7e204650f5b76a6c1cbf3a3bef to remote] DEBUG org.apache.http.wire - http-outgoing-0 << "Content-Type:application/json; charset=utf-8[\r][\n]"
22:04:58.795 [Forwarding get on session 5010ef7e204650f5b76a6c1cbf3a3bef to remote] DEBUG org.apache.http.wire - http-outgoing-0 << "[\r][\n]"
22:04:58.795 [Forwarding get on session 5010ef7e204650f5b76a6c1cbf3a3bef to remote] DEBUG org.apache.http.wire - http-outgoing-0 << "{"sessionId":"5010ef7e204650f5b76a6c1cbf3a3bef","status":0,"value":null}"
22:04:58.795 [Forwarding get on session 5010ef7e204650f5b76a6c1cbf3a3bef to remote] DEBUG org.apache.http.headers - http-outgoing-0 << HTTP/1.1 200 OK
22:04:58.795 [Forwarding get on session 5010ef7e204650f5b76a6c1cbf3a3bef to remote] DEBUG org.apache.http.headers - http-outgoing-0 << Content-Length:72
22:04:58.795 [Forwarding get on session 5010ef7e204650f5b76a6c1cbf3a3bef to remote] DEBUG org.apache.http.headers - http-outgoing-0 << Content-Type:application/json; charset=utf-8
22:04:58.795 [Forwarding get on session 5010ef7e204650f5b76a6c1cbf3a3bef to remote] DEBUG org.apache.http.impl.execchain.MainClientExec - Connection can be kept alive indefinitely
22:04:58.795 [Forwarding get on session 5010ef7e204650f5b76a6c1cbf3a3bef to remote] DEBUG org.apache.http.impl.conn.PoolingHttpClientConnectionManager - Connection [id: 0][route: {}->http://localhost:34166] can be kept alive indefinitely
22:04:58.795 [Forwarding get on session 5010ef7e204650f5b76a6c1cbf3a3bef to remote] DEBUG org.apache.http.impl.conn.PoolingHttpClientConnectionManager - Connection released: [id: 0][route: {}->http://localhost:34166][total kept alive: 1; route allocated: 1 of 2000; total allocated: 1 of 2000]
22:04:58.803 [Forwarding maximizeWindow on session 5010ef7e204650f5b76a6c1cbf3a3bef to remote] DEBUG org.apache.http.client.protocol.RequestAddCookies - CookieSpec selected: default
22:04:58.804 [Forwarding maximizeWindow on session 5010ef7e204650f5b76a6c1cbf3a3bef to remote] DEBUG org.apache.http.client.protocol.RequestAuthCache - Auth cache not set in the context
22:04:58.804 [Forwarding maximizeWindow on session 5010ef7e204650f5b76a6c1cbf3a3bef to remote] DEBUG org.apache.http.impl.conn.PoolingHttpClientConnectionManager - Connection request: [route: {}->http://localhost:34166][total kept alive: 1; route allocated: 1 of 2000; total allocated: 1 of 2000]
22:04:58.804 [Forwarding maximizeWindow on session 5010ef7e204650f5b76a6c1cbf3a3bef to remote] DEBUG org.apache.http.impl.conn.PoolingHttpClientConnectionManager - Connection leased: [id: 0][route: {}->http://localhost:34166][total kept alive: 0; route allocated: 1 of 2000; total allocated: 1 of 2000]
22:04:58.804 [Forwarding maximizeWindow on session 5010ef7e204650f5b76a6c1cbf3a3bef to remote] DEBUG org.apache.http.impl.execchain.MainClientExec - Stale connection check
22:04:58.805 [Forwarding maximizeWindow on session 5010ef7e204650f5b76a6c1cbf3a3bef to remote] DEBUG org.apache.http.wire - http-outgoing-0 << "[read] I/O error: Read timed out"
22:04:58.805 [Forwarding maximizeWindow on session 5010ef7e204650f5b76a6c1cbf3a3bef to remote] DEBUG org.apache.http.impl.conn.DefaultManagedHttpClientConnection - http-outgoing-0: set socket timeout to 10800000
22:04:58.805 [Forwarding maximizeWindow on session 5010ef7e204650f5b76a6c1cbf3a3bef to remote] DEBUG org.apache.http.impl.execchain.MainClientExec - Executing request POST /session/5010ef7e204650f5b76a6c1cbf3a3bef/window/current/maximize HTTP/1.1
22:04:58.805 [Forwarding maximizeWindow on session 5010ef7e204650f5b76a6c1cbf3a3bef to remote] DEBUG org.apache.http.impl.execchain.MainClientExec - Target auth state: UNCHALLENGED
22:04:58.810 [Forwarding maximizeWindow on session 5010ef7e204650f5b76a6c1cbf3a3bef to remote] DEBUG org.apache.http.impl.execchain.MainClientExec - Proxy auth state: UNCHALLENGED
22:04:58.810 [Forwarding maximizeWindow on session 5010ef7e204650f5b76a6c1cbf3a3bef to remote] DEBUG org.apache.http.headers - http-outgoing-0 >> POST /session/5010ef7e204650f5b76a6c1cbf3a3bef/window/current/maximize HTTP/1.1
22:04:58.810 [Forwarding maximizeWindow on session 5010ef7e204650f5b76a6c1cbf3a3bef to remote] DEBUG org.apache.http.headers - http-outgoing-0 >> Content-Type: application/json; charset=utf-8
22:04:58.810 [Forwarding maximizeWindow on session 5010ef7e204650f5b76a6c1cbf3a3bef to remote] DEBUG org.apache.http.headers - http-outgoing-0 >> Content-Length: 26
22:04:58.810 [Forwarding maximizeWindow on session 5010ef7e204650f5b76a6c1cbf3a3bef to remote] DEBUG org.apache.http.headers - http-outgoing-0 >> Host: localhost:34166
22:04:58.810 [Forwarding maximizeWindow on session 5010ef7e204650f5b76a6c1cbf3a3bef to remote] DEBUG org.apache.http.headers - http-outgoing-0 >> Connection: Keep-Alive
22:04:58.810 [Forwarding maximizeWindow on session 5010ef7e204650f5b76a6c1cbf3a3bef to remote] DEBUG org.apache.http.headers - http-outgoing-0 >> User-Agent: Apache-HttpClient/4.5.3 (Java/1.8.0_201)
22:04:58.811 [Forwarding maximizeWindow on session 5010ef7e204650f5b76a6c1cbf3a3bef to remote] DEBUG org.apache.http.headers - http-outgoing-0 >> Accept-Encoding: gzip,deflate
22:04:58.811 [Forwarding maximizeWindow on session 5010ef7e204650f5b76a6c1cbf3a3bef to remote] DEBUG org.apache.http.wire - http-outgoing-0 >> "POST /session/5010ef7e204650f5b76a6c1cbf3a3bef/window/current/maximize HTTP/1.1[\r][\n]"
22:04:58.811 [Forwarding maximizeWindow on session 5010ef7e204650f5b76a6c1cbf3a3bef to remote] DEBUG org.apache.http.wire - http-outgoing-0 >> "Content-Type: application/json; charset=utf-8[\r][\n]"
22:04:58.811 [Forwarding maximizeWindow on session 5010ef7e204650f5b76a6c1cbf3a3bef to remote] DEBUG org.apache.http.wire - http-outgoing-0 >> "Content-Length: 26[\r][\n]"
22:04:58.811 [Forwarding maximizeWindow on session 5010ef7e204650f5b76a6c1cbf3a3bef to remote] DEBUG org.apache.http.wire - http-outgoing-0 >> "Host: localhost:34166[\r][\n]"
22:04:58.811 [Forwarding maximizeWindow on session 5010ef7e204650f5b76a6c1cbf3a3bef to remote] DEBUG org.apache.http.wire - http-outgoing-0 >> "Connection: Keep-Alive[\r][\n]"
22:04:58.811 [Forwarding maximizeWindow on session 5010ef7e204650f5b76a6c1cbf3a3bef to remote] DEBUG org.apache.http.wire - http-outgoing-0 >> "User-Agent: Apache-HttpClient/4.5.3 (Java/1.8.0_201)[\r][\n]"
22:04:58.811 [Forwarding maximizeWindow on session 5010ef7e204650f5b76a6c1cbf3a3bef to remote] DEBUG org.apache.http.wire - http-outgoing-0 >> "Accept-Encoding: gzip,deflate[\r][\n]"
22:04:58.811 [Forwarding maximizeWindow on session 5010ef7e204650f5b76a6c1cbf3a3bef to remote] DEBUG org.apache.http.wire - http-outgoing-0 >> "[\r][\n]"
22:04:58.811 [Forwarding maximizeWindow on session 5010ef7e204650f5b76a6c1cbf3a3bef to remote] DEBUG org.apache.http.wire - http-outgoing-0 >> "{"windowHandle":"current"}"
22:05:00.933 [Forwarding maximizeWindow on session 5010ef7e204650f5b76a6c1cbf3a3bef to remote] DEBUG org.apache.http.wire - http-outgoing-0 << "HTTP/1.1 200 OK[\r][\n]"
22:05:00.934 [Forwarding maximizeWindow on session 5010ef7e204650f5b76a6c1cbf3a3bef to remote] DEBUG org.apache.http.wire - http-outgoing-0 << "Content-Length:109[\r][\n]"
22:05:00.934 [Forwarding maximizeWindow on session 5010ef7e204650f5b76a6c1cbf3a3bef to remote] DEBUG org.apache.http.wire - http-outgoing-0 << "Content-Type:application/json; charset=utf-8[\r][\n]"
22:05:00.934 [Forwarding maximizeWindow on session 5010ef7e204650f5b76a6c1cbf3a3bef to remote] DEBUG org.apache.http.wire - http-outgoing-0 << "[\r][\n]"
22:05:00.934 [Forwarding maximizeWindow on session 5010ef7e204650f5b76a6c1cbf3a3bef to remote] DEBUG org.apache.http.wire - http-outgoing-0 << "{"sessionId":"5010ef7e204650f5b76a6c1cbf3a3bef","status":0,"value":{"height":840,"width":1552,"x":-8,"y":-8}}"
22:05:00.934 [Forwarding maximizeWindow on session 5010ef7e204650f5b76a6c1cbf3a3bef to remote] DEBUG org.apache.http.headers - http-outgoing-0 << HTTP/1.1 200 OK
22:05:00.934 [Forwarding maximizeWindow on session 5010ef7e204650f5b76a6c1cbf3a3bef to remote] DEBUG org.apache.http.headers - http-outgoing-0 << Content-Length:109
22:05:00.934 [Forwarding maximizeWindow on session 5010ef7e204650f5b76a6c1cbf3a3bef to remote] DEBUG org.apache.http.headers - http-outgoing-0 << Content-Type:application/json; charset=utf-8
22:05:00.934 [Forwarding maximizeWindow on session 5010ef7e204650f5b76a6c1cbf3a3bef to remote] DEBUG org.apache.http.impl.execchain.MainClientExec - Connection can be kept alive indefinitely
22:05:00.935 [Forwarding maximizeWindow on session 5010ef7e204650f5b76a6c1cbf3a3bef to remote] DEBUG org.apache.http.impl.conn.PoolingHttpClientConnectionManager - Connection [id: 0][route: {}->http://localhost:34166] can be kept alive indefinitely
22:05:00.935 [Forwarding maximizeWindow on session 5010ef7e204650f5b76a6c1cbf3a3bef to remote] DEBUG org.apache.http.impl.conn.PoolingHttpClientConnectionManager - Connection released: [id: 0][route: {}->http://localhost:34166][total kept alive: 1; route allocated: 1 of 2000; total allocated: 1 of 2000]
22:05:00.953 [Forwarding findElement on session 5010ef7e204650f5b76a6c1cbf3a3bef to remote] DEBUG org.apache.http.client.protocol.RequestAddCookies - CookieSpec selected: default
22:05:00.953 [Forwarding findElement on session 5010ef7e204650f5b76a6c1cbf3a3bef to remote] DEBUG org.apache.http.client.protocol.RequestAuthCache - Auth cache not set in the context
22:05:00.953 [Forwarding findElement on session 5010ef7e204650f5b76a6c1cbf3a3bef to remote] DEBUG org.apache.http.impl.conn.PoolingHttpClientConnectionManager - Connection request: [route: {}->http://localhost:34166][total kept alive: 1; route allocated: 1 of 2000; total allocated: 1 of 2000]
22:05:00.953 [Forwarding findElement on session 5010ef7e204650f5b76a6c1cbf3a3bef to remote] DEBUG org.apache.http.impl.conn.PoolingHttpClientConnectionManager - Connection leased: [id: 0][route: {}->http://localhost:34166][total kept alive: 0; route allocated: 1 of 2000; total allocated: 1 of 2000]
22:05:00.953 [Forwarding findElement on session 5010ef7e204650f5b76a6c1cbf3a3bef to remote] DEBUG org.apache.http.impl.execchain.MainClientExec - Stale connection check
22:05:00.955 [Forwarding findElement on session 5010ef7e204650f5b76a6c1cbf3a3bef to remote] DEBUG org.apache.http.wire - http-outgoing-0 << "[read] I/O error: Read timed out"
22:05:00.955 [Forwarding findElement on session 5010ef7e204650f5b76a6c1cbf3a3bef to remote] DEBUG org.apache.http.impl.conn.DefaultManagedHttpClientConnection - http-outgoing-0: set socket timeout to 10800000
22:05:00.955 [Forwarding findElement on session 5010ef7e204650f5b76a6c1cbf3a3bef to remote] DEBUG org.apache.http.impl.execchain.MainClientExec - Executing request POST /session/5010ef7e204650f5b76a6c1cbf3a3bef/element HTTP/1.1
22:05:00.955 [Forwarding findElement on session 5010ef7e204650f5b76a6c1cbf3a3bef to remote] DEBUG org.apache.http.impl.execchain.MainClientExec - Target auth state: UNCHALLENGED
22:05:00.955 [Forwarding findElement on session 5010ef7e204650f5b76a6c1cbf3a3bef to remote] DEBUG org.apache.http.impl.execchain.MainClientExec - Proxy auth state: UNCHALLENGED
22:05:00.955 [Forwarding findElement on session 5010ef7e204650f5b76a6c1cbf3a3bef to remote] DEBUG org.apache.http.headers - http-outgoing-0 >> POST /session/5010ef7e204650f5b76a6c1cbf3a3bef/element HTTP/1.1
22:05:00.955 [Forwarding findElement on session 5010ef7e204650f5b76a6c1cbf3a3bef to remote] DEBUG org.apache.http.headers - http-outgoing-0 >> Content-Type: application/json; charset=utf-8
22:05:00.955 [Forwarding findElement on session 5010ef7e204650f5b76a6c1cbf3a3bef to remote] DEBUG org.apache.http.headers - http-outgoing-0 >> Content-Length: 28
22:05:00.955 [Forwarding findElement on session 5010ef7e204650f5b76a6c1cbf3a3bef to remote] DEBUG org.apache.http.headers - http-outgoing-0 >> Host: localhost:34166
22:05:00.955 [Forwarding findElement on session 5010ef7e204650f5b76a6c1cbf3a3bef to remote] DEBUG org.apache.http.headers - http-outgoing-0 >> Connection: Keep-Alive
22:05:00.955 [Forwarding findElement on session 5010ef7e204650f5b76a6c1cbf3a3bef to remote] DEBUG org.apache.http.headers - http-outgoing-0 >> User-Agent: Apache-HttpClient/4.5.3 (Java/1.8.0_201)
22:05:00.955 [Forwarding findElement on session 5010ef7e204650f5b76a6c1cbf3a3bef to remote] DEBUG org.apache.http.headers - http-outgoing-0 >> Accept-Encoding: gzip,deflate
22:05:00.955 [Forwarding findElement on session 5010ef7e204650f5b76a6c1cbf3a3bef to remote] DEBUG org.apache.http.wire - http-outgoing-0 >> "POST /session/5010ef7e204650f5b76a6c1cbf3a3bef/element HTTP/1.1[\r][\n]"
22:05:00.955 [Forwarding findElement on session 5010ef7e204650f5b76a6c1cbf3a3bef to remote] DEBUG org.apache.http.wire - http-outgoing-0 >> "Content-Type: application/json; charset=utf-8[\r][\n]"
22:05:00.955 [Forwarding findElement on session 5010ef7e204650f5b76a6c1cbf3a3bef to remote] DEBUG org.apache.http.wire - http-outgoing-0 >> "Content-Length: 28[\r][\n]"
22:05:00.955 [Forwarding findElement on session 5010ef7e204650f5b76a6c1cbf3a3bef to remote] DEBUG org.apache.http.wire - http-outgoing-0 >> "Host: localhost:34166[\r][\n]"
22:05:00.955 [Forwarding findElement on session 5010ef7e204650f5b76a6c1cbf3a3bef to remote] DEBUG org.apache.http.wire - http-outgoing-0 >> "Connection: Keep-Alive[\r][\n]"
22:05:00.955 [Forwarding findElement on session 5010ef7e204650f5b76a6c1cbf3a3bef to remote] DEBUG org.apache.http.wire - http-outgoing-0 >> "User-Agent: Apache-HttpClient/4.5.3 (Java/1.8.0_201)[\r][\n]"
22:05:00.955 [Forwarding findElement on session 5010ef7e204650f5b76a6c1cbf3a3bef to remote] DEBUG org.apache.http.wire - http-outgoing-0 >> "Accept-Encoding: gzip,deflate[\r][\n]"
22:05:00.955 [Forwarding findElement on session 5010ef7e204650f5b76a6c1cbf3a3bef to remote] DEBUG org.apache.http.wire - http-outgoing-0 >> "[\r][\n]"
22:05:00.955 [Forwarding findElement on session 5010ef7e204650f5b76a6c1cbf3a3bef to remote] DEBUG org.apache.http.wire - http-outgoing-0 >> "{"using":"name","value":"a"}"
22:05:00.970 [Forwarding findElement on session 5010ef7e204650f5b76a6c1cbf3a3bef to remote] DEBUG org.apache.http.wire - http-outgoing-0 << "HTTP/1.1 200 OK[\r][\n]"
22:05:00.970 [Forwarding findElement on session 5010ef7e204650f5b76a6c1cbf3a3bef to remote] DEBUG org.apache.http.wire - http-outgoing-0 << "Content-Length:102[\r][\n]"
22:05:00.970 [Forwarding findElement on session 5010ef7e204650f5b76a6c1cbf3a3bef to remote] DEBUG org.apache.http.wire - http-outgoing-0 << "Content-Type:application/json; charset=utf-8[\r][\n]"
22:05:00.970 [Forwarding findElement on session 5010ef7e204650f5b76a6c1cbf3a3bef to remote] DEBUG org.apache.http.wire - http-outgoing-0 << "[\r][\n]"
22:05:00.970 [Forwarding findElement on session 5010ef7e204650f5b76a6c1cbf3a3bef to remote] DEBUG org.apache.http.wire - http-outgoing-0 << "{"sessionId":"5010ef7e204650f5b76a6c1cbf3a3bef","status":0,"value":{"ELEMENT":"0.6196172484469056-1"}}"
22:05:00.970 [Forwarding findElement on session 5010ef7e204650f5b76a6c1cbf3a3bef to remote] DEBUG org.apache.http.headers - http-outgoing-0 << HTTP/1.1 200 OK
22:05:00.970 [Forwarding findElement on session 5010ef7e204650f5b76a6c1cbf3a3bef to remote] DEBUG org.apache.http.headers - http-outgoing-0 << Content-Length:102
22:05:00.970 [Forwarding findElement on session 5010ef7e204650f5b76a6c1cbf3a3bef to remote] DEBUG org.apache.http.headers - http-outgoing-0 << Content-Type:application/json; charset=utf-8
22:05:00.970 [Forwarding findElement on session 5010ef7e204650f5b76a6c1cbf3a3bef to remote] DEBUG org.apache.http.impl.execchain.MainClientExec - Connection can be kept alive indefinitely
22:05:00.970 [Forwarding findElement on session 5010ef7e204650f5b76a6c1cbf3a3bef to remote] DEBUG org.apache.http.impl.conn.PoolingHttpClientConnectionManager - Connection [id: 0][route: {}->http://localhost:34166] can be kept alive indefinitely
22:05:00.970 [Forwarding findElement on session 5010ef7e204650f5b76a6c1cbf3a3bef to remote] DEBUG org.apache.http.impl.conn.PoolingHttpClientConnectionManager - Connection released: [id: 0][route: {}->http://localhost:34166][total kept alive: 1; route allocated: 1 of 2000; total allocated: 1 of 2000]
22:05:00.974 [Forwarding clearElement on session 5010ef7e204650f5b76a6c1cbf3a3bef to remote] DEBUG org.apache.http.client.protocol.RequestAddCookies - CookieSpec selected: default
22:05:00.974 [Forwarding clearElement on session 5010ef7e204650f5b76a6c1cbf3a3bef to remote] DEBUG org.apache.http.client.protocol.RequestAuthCache - Auth cache not set in the context
22:05:00.974 [Forwarding clearElement on session 5010ef7e204650f5b76a6c1cbf3a3bef to remote] DEBUG org.apache.http.impl.conn.PoolingHttpClientConnectionManager - Connection request: [route: {}->http://localhost:34166][total kept alive: 1; route allocated: 1 of 2000; total allocated: 1 of 2000]
22:05:00.974 [Forwarding clearElement on session 5010ef7e204650f5b76a6c1cbf3a3bef to remote] DEBUG org.apache.http.impl.conn.PoolingHttpClientConnectionManager - Connection leased: [id: 0][route: {}->http://localhost:34166][total kept alive: 0; route allocated: 1 of 2000; total allocated: 1 of 2000]
22:05:00.974 [Forwarding clearElement on session 5010ef7e204650f5b76a6c1cbf3a3bef to remote] DEBUG org.apache.http.impl.execchain.MainClientExec - Stale connection check
22:05:00.976 [Forwarding clearElement on session 5010ef7e204650f5b76a6c1cbf3a3bef to remote] DEBUG org.apache.http.wire - http-outgoing-0 << "[read] I/O error: Read timed out"
22:05:00.976 [Forwarding clearElement on session 5010ef7e204650f5b76a6c1cbf3a3bef to remote] DEBUG org.apache.http.impl.conn.DefaultManagedHttpClientConnection - http-outgoing-0: set socket timeout to 10800000
22:05:00.976 [Forwarding clearElement on session 5010ef7e204650f5b76a6c1cbf3a3bef to remote] DEBUG org.apache.http.impl.execchain.MainClientExec - Executing request POST /session/5010ef7e204650f5b76a6c1cbf3a3bef/element/0.6196172484469056-1/clear HTTP/1.1
22:05:00.976 [Forwarding clearElement on session 5010ef7e204650f5b76a6c1cbf3a3bef to remote] DEBUG org.apache.http.impl.execchain.MainClientExec - Target auth state: UNCHALLENGED
22:05:00.976 [Forwarding clearElement on session 5010ef7e204650f5b76a6c1cbf3a3bef to remote] DEBUG org.apache.http.impl.execchain.MainClientExec - Proxy auth state: UNCHALLENGED
22:05:00.976 [Forwarding clearElement on session 5010ef7e204650f5b76a6c1cbf3a3bef to remote] DEBUG org.apache.http.headers - http-outgoing-0 >> POST /session/5010ef7e204650f5b76a6c1cbf3a3bef/element/0.6196172484469056-1/clear HTTP/1.1
22:05:00.976 [Forwarding clearElement on session 5010ef7e204650f5b76a6c1cbf3a3bef to remote] DEBUG org.apache.http.headers - http-outgoing-0 >> Content-Type: application/json; charset=utf-8
22:05:00.976 [Forwarding clearElement on session 5010ef7e204650f5b76a6c1cbf3a3bef to remote] DEBUG org.apache.http.headers - http-outgoing-0 >> Content-Length: 29
22:05:00.976 [Forwarding clearElement on session 5010ef7e204650f5b76a6c1cbf3a3bef to remote] DEBUG org.apache.http.headers - http-outgoing-0 >> Host: localhost:34166
22:05:00.976 [Forwarding clearElement on session 5010ef7e204650f5b76a6c1cbf3a3bef to remote] DEBUG org.apache.http.headers - http-outgoing-0 >> Connection: Keep-Alive
22:05:00.976 [Forwarding clearElement on session 5010ef7e204650f5b76a6c1cbf3a3bef to remote] DEBUG org.apache.http.headers - http-outgoing-0 >> User-Agent: Apache-HttpClient/4.5.3 (Java/1.8.0_201)
22:05:00.976 [Forwarding clearElement on session 5010ef7e204650f5b76a6c1cbf3a3bef to remote] DEBUG org.apache.http.headers - http-outgoing-0 >> Accept-Encoding: gzip,deflate
22:05:00.976 [Forwarding clearElement on session 5010ef7e204650f5b76a6c1cbf3a3bef to remote] DEBUG org.apache.http.wire - http-outgoing-0 >> "POST /session/5010ef7e204650f5b76a6c1cbf3a3bef/element/0.6196172484469056-1/clear HTTP/1.1[\r][\n]"
22:05:00.976 [Forwarding clearElement on session 5010ef7e204650f5b76a6c1cbf3a3bef to remote] DEBUG org.apache.http.wire - http-outgoing-0 >> "Content-Type: application/json; charset=utf-8[\r][\n]"
22:05:00.976 [Forwarding clearElement on session 5010ef7e204650f5b76a6c1cbf3a3bef to remote] DEBUG org.apache.http.wire - http-outgoing-0 >> "Content-Length: 29[\r][\n]"
22:05:00.976 [Forwarding clearElement on session 5010ef7e204650f5b76a6c1cbf3a3bef to remote] DEBUG org.apache.http.wire - http-outgoing-0 >> "Host: localhost:34166[\r][\n]"
22:05:00.976 [Forwarding clearElement on session 5010ef7e204650f5b76a6c1cbf3a3bef to remote] DEBUG org.apache.http.wire - http-outgoing-0 >> "Connection: Keep-Alive[\r][\n]"
22:05:00.976 [Forwarding clearElement on session 5010ef7e204650f5b76a6c1cbf3a3bef to remote] DEBUG org.apache.http.wire - http-outgoing-0 >> "User-Agent: Apache-HttpClient/4.5.3 (Java/1.8.0_201)[\r][\n]"
22:05:00.976 [Forwarding clearElement on session 5010ef7e204650f5b76a6c1cbf3a3bef to remote] DEBUG org.apache.http.wire - http-outgoing-0 >> "Accept-Encoding: gzip,deflate[\r][\n]"
22:05:00.976 [Forwarding clearElement on session 5010ef7e204650f5b76a6c1cbf3a3bef to remote] DEBUG org.apache.http.wire - http-outgoing-0 >> "[\r][\n]"
22:05:00.976 [Forwarding clearElement on session 5010ef7e204650f5b76a6c1cbf3a3bef to remote] DEBUG org.apache.http.wire - http-outgoing-0 >> "{"id":"0.6196172484469056-1"}"
22:05:01.011 [Forwarding clearElement on session 5010ef7e204650f5b76a6c1cbf3a3bef to remote] DEBUG org.apache.http.wire - http-outgoing-0 << "HTTP/1.1 200 OK[\r][\n]"
22:05:01.011 [Forwarding clearElement on session 5010ef7e204650f5b76a6c1cbf3a3bef to remote] DEBUG org.apache.http.wire - http-outgoing-0 << "Content-Length:72[\r][\n]"
22:05:01.011 [Forwarding clearElement on session 5010ef7e204650f5b76a6c1cbf3a3bef to remote] DEBUG org.apache.http.wire - http-outgoing-0 << "Content-Type:application/json; charset=utf-8[\r][\n]"
22:05:01.011 [Forwarding clearElement on session 5010ef7e204650f5b76a6c1cbf3a3bef to remote] DEBUG org.apache.http.wire - http-outgoing-0 << "[\r][\n]"
22:05:01.011 [Forwarding clearElement on session 5010ef7e204650f5b76a6c1cbf3a3bef to remote] DEBUG org.apache.http.wire - http-outgoing-0 << "{"sessionId":"5010ef7e204650f5b76a6c1cbf3a3bef","status":0,"value":null}"
22:05:01.012 [Forwarding clearElement on session 5010ef7e204650f5b76a6c1cbf3a3bef to remote] DEBUG org.apache.http.headers - http-outgoing-0 << HTTP/1.1 200 OK
22:05:01.012 [Forwarding clearElement on session 5010ef7e204650f5b76a6c1cbf3a3bef to remote] DEBUG org.apache.http.headers - http-outgoing-0 << Content-Length:72
22:05:01.012 [Forwarding clearElement on session 5010ef7e204650f5b76a6c1cbf3a3bef to remote] DEBUG org.apache.http.headers - http-outgoing-0 << Content-Type:application/json; charset=utf-8
22:05:01.012 [Forwarding clearElement on session 5010ef7e204650f5b76a6c1cbf3a3bef to remote] DEBUG org.apache.http.impl.execchain.MainClientExec - Connection can be kept alive indefinitely
22:05:01.012 [Forwarding clearElement on session 5010ef7e204650f5b76a6c1cbf3a3bef to remote] DEBUG org.apache.http.impl.conn.PoolingHttpClientConnectionManager - Connection [id: 0][route: {}->http://localhost:34166] can be kept alive indefinitely
22:05:01.012 [Forwarding clearElement on session 5010ef7e204650f5b76a6c1cbf3a3bef to remote] DEBUG org.apache.http.impl.conn.PoolingHttpClientConnectionManager - Connection released: [id: 0][route: {}->http://localhost:34166][total kept alive: 1; route allocated: 1 of 2000; total allocated: 1 of 2000]
22:05:01.014 [Forwarding findElement on session 5010ef7e204650f5b76a6c1cbf3a3bef to remote] DEBUG org.apache.http.client.protocol.RequestAddCookies - CookieSpec selected: default
22:05:01.015 [Forwarding findElement on session 5010ef7e204650f5b76a6c1cbf3a3bef to remote] DEBUG org.apache.http.client.protocol.RequestAuthCache - Auth cache not set in the context
22:05:01.015 [Forwarding findElement on session 5010ef7e204650f5b76a6c1cbf3a3bef to remote] DEBUG org.apache.http.impl.conn.PoolingHttpClientConnectionManager - Connection request: [route: {}->http://localhost:34166][total kept alive: 1; route allocated: 1 of 2000; total allocated: 1 of 2000]
22:05:01.015 [Forwarding findElement on session 5010ef7e204650f5b76a6c1cbf3a3bef to remote] DEBUG org.apache.http.impl.conn.PoolingHttpClientConnectionManager - Connection leased: [id: 0][route: {}->http://localhost:34166][total kept alive: 0; route allocated: 1 of 2000; total allocated: 1 of 2000]
22:05:01.015 [Forwarding findElement on session 5010ef7e204650f5b76a6c1cbf3a3bef to remote] DEBUG org.apache.http.impl.execchain.MainClientExec - Stale connection check
22:05:01.017 [Forwarding findElement on session 5010ef7e204650f5b76a6c1cbf3a3bef to remote] DEBUG org.apache.http.wire - http-outgoing-0 << "[read] I/O error: Read timed out"
22:05:01.017 [Forwarding findElement on session 5010ef7e204650f5b76a6c1cbf3a3bef to remote] DEBUG org.apache.http.impl.conn.DefaultManagedHttpClientConnection - http-outgoing-0: set socket timeout to 10800000
22:05:01.017 [Forwarding findElement on session 5010ef7e204650f5b76a6c1cbf3a3bef to remote] DEBUG org.apache.http.impl.execchain.MainClientExec - Executing request POST /session/5010ef7e204650f5b76a6c1cbf3a3bef/element HTTP/1.1
22:05:01.017 [Forwarding findElement on session 5010ef7e204650f5b76a6c1cbf3a3bef to remote] DEBUG org.apache.http.impl.execchain.MainClientExec - Target auth state: UNCHALLENGED
22:05:01.017 [Forwarding findElement on session 5010ef7e204650f5b76a6c1cbf3a3bef to remote] DEBUG org.apache.http.impl.execchain.MainClientExec - Proxy auth state: UNCHALLENGED
22:05:01.017 [Forwarding findElement on session 5010ef7e204650f5b76a6c1cbf3a3bef to remote] DEBUG org.apache.http.headers - http-outgoing-0 >> POST /session/5010ef7e204650f5b76a6c1cbf3a3bef/element HTTP/1.1
22:05:01.017 [Forwarding findElement on session 5010ef7e204650f5b76a6c1cbf3a3bef to remote] DEBUG org.apache.http.headers - http-outgoing-0 >> Content-Type: application/json; charset=utf-8
22:05:01.017 [Forwarding findElement on session 5010ef7e204650f5b76a6c1cbf3a3bef to remote] DEBUG org.apache.http.headers - http-outgoing-0 >> Content-Length: 28
22:05:01.017 [Forwarding findElement on session 5010ef7e204650f5b76a6c1cbf3a3bef to remote] DEBUG org.apache.http.headers - http-outgoing-0 >> Host: localhost:34166
22:05:01.017 [Forwarding findElement on session 5010ef7e204650f5b76a6c1cbf3a3bef to remote] DEBUG org.apache.http.headers - http-outgoing-0 >> Connection: Keep-Alive
22:05:01.017 [Forwarding findElement on session 5010ef7e204650f5b76a6c1cbf3a3bef to remote] DEBUG org.apache.http.headers - http-outgoing-0 >> User-Agent: Apache-HttpClient/4.5.3 (Java/1.8.0_201)
22:05:01.017 [Forwarding findElement on session 5010ef7e204650f5b76a6c1cbf3a3bef to remote] DEBUG org.apache.http.headers - http-outgoing-0 >> Accept-Encoding: gzip,deflate
22:05:01.018 [Forwarding findElement on session 5010ef7e204650f5b76a6c1cbf3a3bef to remote] DEBUG org.apache.http.wire - http-outgoing-0 >> "POST /session/5010ef7e204650f5b76a6c1cbf3a3bef/element HTTP/1.1[\r][\n]"
22:05:01.018 [Forwarding findElement on session 5010ef7e204650f5b76a6c1cbf3a3bef to remote] DEBUG org.apache.http.wire - http-outgoing-0 >> "Content-Type: application/json; charset=utf-8[\r][\n]"
22:05:01.018 [Forwarding findElement on session 5010ef7e204650f5b76a6c1cbf3a3bef to remote] DEBUG org.apache.http.wire - http-outgoing-0 >> "Content-Length: 28[\r][\n]"
22:05:01.018 [Forwarding findElement on session 5010ef7e204650f5b76a6c1cbf3a3bef to remote] DEBUG org.apache.http.wire - http-outgoing-0 >> "Host: localhost:34166[\r][\n]"
22:05:01.018 [Forwarding findElement on session 5010ef7e204650f5b76a6c1cbf3a3bef to remote] DEBUG org.apache.http.wire - http-outgoing-0 >> "Connection: Keep-Alive[\r][\n]"
22:05:01.018 [Forwarding findElement on session 5010ef7e204650f5b76a6c1cbf3a3bef to remote] DEBUG org.apache.http.wire - http-outgoing-0 >> "User-Agent: Apache-HttpClient/4.5.3 (Java/1.8.0_201)[\r][\n]"
22:05:01.018 [Forwarding findElement on session 5010ef7e204650f5b76a6c1cbf3a3bef to remote] DEBUG org.apache.http.wire - http-outgoing-0 >> "Accept-Encoding: gzip,deflate[\r][\n]"
22:05:01.018 [Forwarding findElement on session 5010ef7e204650f5b76a6c1cbf3a3bef to remote] DEBUG org.apache.http.wire - http-outgoing-0 >> "[\r][\n]"
22:05:01.018 [Forwarding findElement on session 5010ef7e204650f5b76a6c1cbf3a3bef to remote] DEBUG org.apache.http.wire - http-outgoing-0 >> "{"using":"name","value":"b"}"
22:05:01.030 [Forwarding findElement on session 5010ef7e204650f5b76a6c1cbf3a3bef to remote] DEBUG org.apache.http.wire - http-outgoing-0 << "HTTP/1.1 200 OK[\r][\n]"
22:05:01.031 [Forwarding findElement on session 5010ef7e204650f5b76a6c1cbf3a3bef to remote] DEBUG org.apache.http.wire - http-outgoing-0 << "Content-Length:102[\r][\n]"
22:05:01.031 [Forwarding findElement on session 5010ef7e204650f5b76a6c1cbf3a3bef to remote] DEBUG org.apache.http.wire - http-outgoing-0 << "Content-Type:application/json; charset=utf-8[\r][\n]"
22:05:01.031 [Forwarding findElement on session 5010ef7e204650f5b76a6c1cbf3a3bef to remote] DEBUG org.apache.http.wire - http-outgoing-0 << "[\r][\n]"
22:05:01.031 [Forwarding findElement on session 5010ef7e204650f5b76a6c1cbf3a3bef to remote] DEBUG org.apache.http.wire - http-outgoing-0 << "{"sessionId":"5010ef7e204650f5b76a6c1cbf3a3bef","status":0,"value":{"ELEMENT":"0.6196172484469056-2"}}"
22:05:01.031 [Forwarding findElement on session 5010ef7e204650f5b76a6c1cbf3a3bef to remote] DEBUG org.apache.http.headers - http-outgoing-0 << HTTP/1.1 200 OK
22:05:01.031 [Forwarding findElement on session 5010ef7e204650f5b76a6c1cbf3a3bef to remote] DEBUG org.apache.http.headers - http-outgoing-0 << Content-Length:102
22:05:01.031 [Forwarding findElement on session 5010ef7e204650f5b76a6c1cbf3a3bef to remote] DEBUG org.apache.http.headers - http-outgoing-0 << Content-Type:application/json; charset=utf-8
22:05:01.031 [Forwarding findElement on session 5010ef7e204650f5b76a6c1cbf3a3bef to remote] DEBUG org.apache.http.impl.execchain.MainClientExec - Connection can be kept alive indefinitely
22:05:01.031 [Forwarding findElement on session 5010ef7e204650f5b76a6c1cbf3a3bef to remote] DEBUG org.apache.http.impl.conn.PoolingHttpClientConnectionManager - Connection [id: 0][route: {}->http://localhost:34166] can be kept alive indefinitely
22:05:01.031 [Forwarding findElement on session 5010ef7e204650f5b76a6c1cbf3a3bef to remote] DEBUG org.apache.http.impl.conn.PoolingHttpClientConnectionManager - Connection released: [id: 0][route: {}->http://localhost:34166][total kept alive: 1; route allocated: 1 of 2000; total allocated: 1 of 2000]
22:05:01.034 [Forwarding clearElement on session 5010ef7e204650f5b76a6c1cbf3a3bef to remote] DEBUG org.apache.http.client.protocol.RequestAddCookies - CookieSpec selected: default
22:05:01.034 [Forwarding clearElement on session 5010ef7e204650f5b76a6c1cbf3a3bef to remote] DEBUG org.apache.http.client.protocol.RequestAuthCache - Auth cache not set in the context
22:05:01.034 [Forwarding clearElement on session 5010ef7e204650f5b76a6c1cbf3a3bef to remote] DEBUG org.apache.http.impl.conn.PoolingHttpClientConnectionManager - Connection request: [route: {}->http://localhost:34166][total kept alive: 1; route allocated: 1 of 2000; total allocated: 1 of 2000]
22:05:01.034 [Forwarding clearElement on session 5010ef7e204650f5b76a6c1cbf3a3bef to remote] DEBUG org.apache.http.impl.conn.PoolingHttpClientConnectionManager - Connection leased: [id: 0][route: {}->http://localhost:34166][total kept alive: 0; route allocated: 1 of 2000; total allocated: 1 of 2000]
22:05:01.034 [Forwarding clearElement on session 5010ef7e204650f5b76a6c1cbf3a3bef to remote] DEBUG org.apache.http.impl.execchain.MainClientExec - Stale connection check
22:05:01.036 [Forwarding clearElement on session 5010ef7e204650f5b76a6c1cbf3a3bef to remote] DEBUG org.apache.http.wire - http-outgoing-0 << "[read] I/O error: Read timed out"
22:05:01.036 [Forwarding clearElement on session 5010ef7e204650f5b76a6c1cbf3a3bef to remote] DEBUG org.apache.http.impl.conn.DefaultManagedHttpClientConnection - http-outgoing-0: set socket timeout to 10800000
22:05:01.036 [Forwarding clearElement on session 5010ef7e204650f5b76a6c1cbf3a3bef to remote] DEBUG org.apache.http.impl.execchain.MainClientExec - Executing request POST /session/5010ef7e204650f5b76a6c1cbf3a3bef/element/0.6196172484469056-2/clear HTTP/1.1
22:05:01.036 [Forwarding clearElement on session 5010ef7e204650f5b76a6c1cbf3a3bef to remote] DEBUG org.apache.http.impl.execchain.MainClientExec - Target auth state: UNCHALLENGED
22:05:01.036 [Forwarding clearElement on session 5010ef7e204650f5b76a6c1cbf3a3bef to remote] DEBUG org.apache.http.impl.execchain.MainClientExec - Proxy auth state: UNCHALLENGED
22:05:01.036 [Forwarding clearElement on session 5010ef7e204650f5b76a6c1cbf3a3bef to remote] DEBUG org.apache.http.headers - http-outgoing-0 >> POST /session/5010ef7e204650f5b76a6c1cbf3a3bef/element/0.6196172484469056-2/clear HTTP/1.1
22:05:01.036 [Forwarding clearElement on session 5010ef7e204650f5b76a6c1cbf3a3bef to remote] DEBUG org.apache.http.headers - http-outgoing-0 >> Content-Type: application/json; charset=utf-8
22:05:01.036 [Forwarding clearElement on session 5010ef7e204650f5b76a6c1cbf3a3bef to remote] DEBUG org.apache.http.headers - http-outgoing-0 >> Content-Length: 29
22:05:01.036 [Forwarding clearElement on session 5010ef7e204650f5b76a6c1cbf3a3bef to remote] DEBUG org.apache.http.headers - http-outgoing-0 >> Host: localhost:34166
22:05:01.036 [Forwarding clearElement on session 5010ef7e204650f5b76a6c1cbf3a3bef to remote] DEBUG org.apache.http.headers - http-outgoing-0 >> Connection: Keep-Alive
22:05:01.036 [Forwarding clearElement on session 5010ef7e204650f5b76a6c1cbf3a3bef to remote] DEBUG org.apache.http.headers - http-outgoing-0 >> User-Agent: Apache-HttpClient/4.5.3 (Java/1.8.0_201)
22:05:01.036 [Forwarding clearElement on session 5010ef7e204650f5b76a6c1cbf3a3bef to remote] DEBUG org.apache.http.headers - http-outgoing-0 >> Accept-Encoding: gzip,deflate
22:05:01.037 [Forwarding clearElement on session 5010ef7e204650f5b76a6c1cbf3a3bef to remote] DEBUG org.apache.http.wire - http-outgoing-0 >> "POST /session/5010ef7e204650f5b76a6c1cbf3a3bef/element/0.6196172484469056-2/clear HTTP/1.1[\r][\n]"
22:05:01.037 [Forwarding clearElement on session 5010ef7e204650f5b76a6c1cbf3a3bef to remote] DEBUG org.apache.http.wire - http-outgoing-0 >> "Content-Type: application/json; charset=utf-8[\r][\n]"
22:05:01.037 [Forwarding clearElement on session 5010ef7e204650f5b76a6c1cbf3a3bef to remote] DEBUG org.apache.http.wire - http-outgoing-0 >> "Content-Length: 29[\r][\n]"
22:05:01.037 [Forwarding clearElement on session 5010ef7e204650f5b76a6c1cbf3a3bef to remote] DEBUG org.apache.http.wire - http-outgoing-0 >> "Host: localhost:34166[\r][\n]"
22:05:01.037 [Forwarding clearElement on session 5010ef7e204650f5b76a6c1cbf3a3bef to remote] DEBUG org.apache.http.wire - http-outgoing-0 >> "Connection: Keep-Alive[\r][\n]"
22:05:01.037 [Forwarding clearElement on session 5010ef7e204650f5b76a6c1cbf3a3bef to remote] DEBUG org.apache.http.wire - http-outgoing-0 >> "User-Agent: Apache-HttpClient/4.5.3 (Java/1.8.0_201)[\r][\n]"
22:05:01.037 [Forwarding clearElement on session 5010ef7e204650f5b76a6c1cbf3a3bef to remote] DEBUG org.apache.http.wire - http-outgoing-0 >> "Accept-Encoding: gzip,deflate[\r][\n]"
22:05:01.037 [Forwarding clearElement on session 5010ef7e204650f5b76a6c1cbf3a3bef to remote] DEBUG org.apache.http.wire - http-outgoing-0 >> "[\r][\n]"
22:05:01.037 [Forwarding clearElement on session 5010ef7e204650f5b76a6c1cbf3a3bef to remote] DEBUG org.apache.http.wire - http-outgoing-0 >> "{"id":"0.6196172484469056-2"}"
22:05:01.070 [Forwarding clearElement on session 5010ef7e204650f5b76a6c1cbf3a3bef to remote] DEBUG org.apache.http.wire - http-outgoing-0 << "HTTP/1.1 200 OK[\r][\n]"
22:05:01.070 [Forwarding clearElement on session 5010ef7e204650f5b76a6c1cbf3a3bef to remote] DEBUG org.apache.http.wire - http-outgoing-0 << "Content-Length:72[\r][\n]"
22:05:01.070 [Forwarding clearElement on session 5010ef7e204650f5b76a6c1cbf3a3bef to remote] DEBUG org.apache.http.wire - http-outgoing-0 << "Content-Type:application/json; charset=utf-8[\r][\n]"
22:05:01.070 [Forwarding clearElement on session 5010ef7e204650f5b76a6c1cbf3a3bef to remote] DEBUG org.apache.http.wire - http-outgoing-0 << "[\r][\n]"
22:05:01.070 [Forwarding clearElement on session 5010ef7e204650f5b76a6c1cbf3a3bef to remote] DEBUG org.apache.http.wire - http-outgoing-0 << "{"sessionId":"5010ef7e204650f5b76a6c1cbf3a3bef","status":0,"value":null}"
22:05:01.070 [Forwarding clearElement on session 5010ef7e204650f5b76a6c1cbf3a3bef to remote] DEBUG org.apache.http.headers - http-outgoing-0 << HTTP/1.1 200 OK
22:05:01.070 [Forwarding clearElement on session 5010ef7e204650f5b76a6c1cbf3a3bef to remote] DEBUG org.apache.http.headers - http-outgoing-0 << Content-Length:72
22:05:01.070 [Forwarding clearElement on session 5010ef7e204650f5b76a6c1cbf3a3bef to remote] DEBUG org.apache.http.headers - http-outgoing-0 << Content-Type:application/json; charset=utf-8
22:05:01.070 [Forwarding clearElement on session 5010ef7e204650f5b76a6c1cbf3a3bef to remote] DEBUG org.apache.http.impl.execchain.MainClientExec - Connection can be kept alive indefinitely
22:05:01.071 [Forwarding clearElement on session 5010ef7e204650f5b76a6c1cbf3a3bef to remote] DEBUG org.apache.http.impl.conn.PoolingHttpClientConnectionManager - Connection [id: 0][route: {}->http://localhost:34166] can be kept alive indefinitely
22:05:01.071 [Forwarding clearElement on session 5010ef7e204650f5b76a6c1cbf3a3bef to remote] DEBUG org.apache.http.impl.conn.PoolingHttpClientConnectionManager - Connection released: [id: 0][route: {}->http://localhost:34166][total kept alive: 1; route allocated: 1 of 2000; total allocated: 1 of 2000]
22:05:01.074 [Forwarding findElement on session 5010ef7e204650f5b76a6c1cbf3a3bef to remote] DEBUG org.apache.http.client.protocol.RequestAddCookies - CookieSpec selected: default
22:05:01.074 [Forwarding findElement on session 5010ef7e204650f5b76a6c1cbf3a3bef to remote] DEBUG org.apache.http.client.protocol.RequestAuthCache - Auth cache not set in the context
22:05:01.074 [Forwarding findElement on session 5010ef7e204650f5b76a6c1cbf3a3bef to remote] DEBUG org.apache.http.impl.conn.PoolingHttpClientConnectionManager - Connection request: [route: {}->http://localhost:34166][total kept alive: 1; route allocated: 1 of 2000; total allocated: 1 of 2000]
22:05:01.074 [Forwarding findElement on session 5010ef7e204650f5b76a6c1cbf3a3bef to remote] DEBUG org.apache.http.impl.conn.PoolingHttpClientConnectionManager - Connection leased: [id: 0][route: {}->http://localhost:34166][total kept alive: 0; route allocated: 1 of 2000; total allocated: 1 of 2000]
22:05:01.074 [Forwarding findElement on session 5010ef7e204650f5b76a6c1cbf3a3bef to remote] DEBUG org.apache.http.impl.execchain.MainClientExec - Stale connection check
22:05:01.076 [Forwarding findElement on session 5010ef7e204650f5b76a6c1cbf3a3bef to remote] DEBUG org.apache.http.wire - http-outgoing-0 << "[read] I/O error: Read timed out"
22:05:01.076 [Forwarding findElement on session 5010ef7e204650f5b76a6c1cbf3a3bef to remote] DEBUG org.apache.http.impl.conn.DefaultManagedHttpClientConnection - http-outgoing-0: set socket timeout to 10800000
22:05:01.076 [Forwarding findElement on session 5010ef7e204650f5b76a6c1cbf3a3bef to remote] DEBUG org.apache.http.impl.execchain.MainClientExec - Executing request POST /session/5010ef7e204650f5b76a6c1cbf3a3bef/element HTTP/1.1
22:05:01.076 [Forwarding findElement on session 5010ef7e204650f5b76a6c1cbf3a3bef to remote] DEBUG org.apache.http.impl.execchain.MainClientExec - Target auth state: UNCHALLENGED
22:05:01.076 [Forwarding findElement on session 5010ef7e204650f5b76a6c1cbf3a3bef to remote] DEBUG org.apache.http.impl.execchain.MainClientExec - Proxy auth state: UNCHALLENGED
22:05:01.076 [Forwarding findElement on session 5010ef7e204650f5b76a6c1cbf3a3bef to remote] DEBUG org.apache.http.headers - http-outgoing-0 >> POST /session/5010ef7e204650f5b76a6c1cbf3a3bef/element HTTP/1.1
22:05:01.076 [Forwarding findElement on session 5010ef7e204650f5b76a6c1cbf3a3bef to remote] DEBUG org.apache.http.headers - http-outgoing-0 >> Content-Type: application/json; charset=utf-8
22:05:01.076 [Forwarding findElement on session 5010ef7e204650f5b76a6c1cbf3a3bef to remote] DEBUG org.apache.http.headers - http-outgoing-0 >> Content-Length: 28
22:05:01.076 [Forwarding findElement on session 5010ef7e204650f5b76a6c1cbf3a3bef to remote] DEBUG org.apache.http.headers - http-outgoing-0 >> Host: localhost:34166
22:05:01.076 [Forwarding findElement on session 5010ef7e204650f5b76a6c1cbf3a3bef to remote] DEBUG org.apache.http.headers - http-outgoing-0 >> Connection: Keep-Alive
22:05:01.076 [Forwarding findElement on session 5010ef7e204650f5b76a6c1cbf3a3bef to remote] DEBUG org.apache.http.headers - http-outgoing-0 >> User-Agent: Apache-HttpClient/4.5.3 (Java/1.8.0_201)
22:05:01.076 [Forwarding findElement on session 5010ef7e204650f5b76a6c1cbf3a3bef to remote] DEBUG org.apache.http.headers - http-outgoing-0 >> Accept-Encoding: gzip,deflate
22:05:01.076 [Forwarding findElement on session 5010ef7e204650f5b76a6c1cbf3a3bef to remote] DEBUG org.apache.http.wire - http-outgoing-0 >> "POST /session/5010ef7e204650f5b76a6c1cbf3a3bef/element HTTP/1.1[\r][\n]"
22:05:01.076 [Forwarding findElement on session 5010ef7e204650f5b76a6c1cbf3a3bef to remote] DEBUG org.apache.http.wire - http-outgoing-0 >> "Content-Type: application/json; charset=utf-8[\r][\n]"
22:05:01.076 [Forwarding findElement on session 5010ef7e204650f5b76a6c1cbf3a3bef to remote] DEBUG org.apache.http.wire - http-outgoing-0 >> "Content-Length: 28[\r][\n]"
22:05:01.076 [Forwarding findElement on session 5010ef7e204650f5b76a6c1cbf3a3bef to remote] DEBUG org.apache.http.wire - http-outgoing-0 >> "Host: localhost:34166[\r][\n]"
22:05:01.076 [Forwarding findElement on session 5010ef7e204650f5b76a6c1cbf3a3bef to remote] DEBUG org.apache.http.wire - http-outgoing-0 >> "Connection: Keep-Alive[\r][\n]"
22:05:01.076 [Forwarding findElement on session 5010ef7e204650f5b76a6c1cbf3a3bef to remote] DEBUG org.apache.http.wire - http-outgoing-0 >> "User-Agent: Apache-HttpClient/4.5.3 (Java/1.8.0_201)[\r][\n]"
22:05:01.076 [Forwarding findElement on session 5010ef7e204650f5b76a6c1cbf3a3bef to remote] DEBUG org.apache.http.wire - http-outgoing-0 >> "Accept-Encoding: gzip,deflate[\r][\n]"
22:05:01.076 [Forwarding findElement on session 5010ef7e204650f5b76a6c1cbf3a3bef to remote] DEBUG org.apache.http.wire - http-outgoing-0 >> "[\r][\n]"
22:05:01.076 [Forwarding findElement on session 5010ef7e204650f5b76a6c1cbf3a3bef to remote] DEBUG org.apache.http.wire - http-outgoing-0 >> "{"using":"name","value":"a"}"
22:05:01.083 [Forwarding findElement on session 5010ef7e204650f5b76a6c1cbf3a3bef to remote] DEBUG org.apache.http.wire - http-outgoing-0 << "HTTP/1.1 200 OK[\r][\n]"
22:05:01.083 [Forwarding findElement on session 5010ef7e204650f5b76a6c1cbf3a3bef to remote] DEBUG org.apache.http.wire - http-outgoing-0 << "Content-Length:102[\r][\n]"
22:05:01.083 [Forwarding findElement on session 5010ef7e204650f5b76a6c1cbf3a3bef to remote] DEBUG org.apache.http.wire - http-outgoing-0 << "Content-Type:application/json; charset=utf-8[\r][\n]"
22:05:01.083 [Forwarding findElement on session 5010ef7e204650f5b76a6c1cbf3a3bef to remote] DEBUG org.apache.http.wire - http-outgoing-0 << "[\r][\n]"
22:05:01.083 [Forwarding findElement on session 5010ef7e204650f5b76a6c1cbf3a3bef to remote] DEBUG org.apache.http.wire - http-outgoing-0 << "{"sessionId":"5010ef7e204650f5b76a6c1cbf3a3bef","status":0,"value":{"ELEMENT":"0.6196172484469056-1"}}"
22:05:01.083 [Forwarding findElement on session 5010ef7e204650f5b76a6c1cbf3a3bef to remote] DEBUG org.apache.http.headers - http-outgoing-0 << HTTP/1.1 200 OK
22:05:01.083 [Forwarding findElement on session 5010ef7e204650f5b76a6c1cbf3a3bef to remote] DEBUG org.apache.http.headers - http-outgoing-0 << Content-Length:102
22:05:01.083 [Forwarding findElement on session 5010ef7e204650f5b76a6c1cbf3a3bef to remote] DEBUG org.apache.http.headers - http-outgoing-0 << Content-Type:application/json; charset=utf-8
22:05:01.083 [Forwarding findElement on session 5010ef7e204650f5b76a6c1cbf3a3bef to remote] DEBUG org.apache.http.impl.execchain.MainClientExec - Connection can be kept alive indefinitely
22:05:01.084 [Forwarding findElement on session 5010ef7e204650f5b76a6c1cbf3a3bef to remote] DEBUG org.apache.http.impl.conn.PoolingHttpClientConnectionManager - Connection [id: 0][route: {}->http://localhost:34166] can be kept alive indefinitely
22:05:01.084 [Forwarding findElement on session 5010ef7e204650f5b76a6c1cbf3a3bef to remote] DEBUG org.apache.http.impl.conn.PoolingHttpClientConnectionManager - Connection released: [id: 0][route: {}->http://localhost:34166][total kept alive: 1; route allocated: 1 of 2000; total allocated: 1 of 2000]
22:05:01.085 [Forwarding sendKeysToElement on session 5010ef7e204650f5b76a6c1cbf3a3bef to remote] DEBUG org.apache.http.client.protocol.RequestAddCookies - CookieSpec selected: default
22:05:01.085 [Forwarding sendKeysToElement on session 5010ef7e204650f5b76a6c1cbf3a3bef to remote] DEBUG org.apache.http.client.protocol.RequestAuthCache - Auth cache not set in the context
22:05:01.085 [Forwarding sendKeysToElement on session 5010ef7e204650f5b76a6c1cbf3a3bef to remote] DEBUG org.apache.http.impl.conn.PoolingHttpClientConnectionManager - Connection request: [route: {}->http://localhost:34166][total kept alive: 1; route allocated: 1 of 2000; total allocated: 1 of 2000]
22:05:01.085 [Forwarding sendKeysToElement on session 5010ef7e204650f5b76a6c1cbf3a3bef to remote] DEBUG org.apache.http.impl.conn.PoolingHttpClientConnectionManager - Connection leased: [id: 0][route: {}->http://localhost:34166][total kept alive: 0; route allocated: 1 of 2000; total allocated: 1 of 2000]
22:05:01.085 [Forwarding sendKeysToElement on session 5010ef7e204650f5b76a6c1cbf3a3bef to remote] DEBUG org.apache.http.impl.execchain.MainClientExec - Stale connection check
22:05:01.087 [Forwarding sendKeysToElement on session 5010ef7e204650f5b76a6c1cbf3a3bef to remote] DEBUG org.apache.http.wire - http-outgoing-0 << "[read] I/O error: Read timed out"
22:05:01.087 [Forwarding sendKeysToElement on session 5010ef7e204650f5b76a6c1cbf3a3bef to remote] DEBUG org.apache.http.impl.conn.DefaultManagedHttpClientConnection - http-outgoing-0: set socket timeout to 10800000
22:05:01.087 [Forwarding sendKeysToElement on session 5010ef7e204650f5b76a6c1cbf3a3bef to remote] DEBUG org.apache.http.impl.execchain.MainClientExec - Executing request POST /session/5010ef7e204650f5b76a6c1cbf3a3bef/element/0.6196172484469056-1/value HTTP/1.1
22:05:01.087 [Forwarding sendKeysToElement on session 5010ef7e204650f5b76a6c1cbf3a3bef to remote] DEBUG org.apache.http.impl.execchain.MainClientExec - Target auth state: UNCHALLENGED
22:05:01.087 [Forwarding sendKeysToElement on session 5010ef7e204650f5b76a6c1cbf3a3bef to remote] DEBUG org.apache.http.impl.execchain.MainClientExec - Proxy auth state: UNCHALLENGED
22:05:01.087 [Forwarding sendKeysToElement on session 5010ef7e204650f5b76a6c1cbf3a3bef to remote] DEBUG org.apache.http.headers - http-outgoing-0 >> POST /session/5010ef7e204650f5b76a6c1cbf3a3bef/element/0.6196172484469056-1/value HTTP/1.1
22:05:01.087 [Forwarding sendKeysToElement on session 5010ef7e204650f5b76a6c1cbf3a3bef to remote] DEBUG org.apache.http.headers - http-outgoing-0 >> Content-Type: application/json; charset=utf-8
22:05:01.087 [Forwarding sendKeysToElement on session 5010ef7e204650f5b76a6c1cbf3a3bef to remote] DEBUG org.apache.http.headers - http-outgoing-0 >> Content-Length: 44
22:05:01.087 [Forwarding sendKeysToElement on session 5010ef7e204650f5b76a6c1cbf3a3bef to remote] DEBUG org.apache.http.headers - http-outgoing-0 >> Host: localhost:34166
22:05:01.087 [Forwarding sendKeysToElement on session 5010ef7e204650f5b76a6c1cbf3a3bef to remote] DEBUG org.apache.http.headers - http-outgoing-0 >> Connection: Keep-Alive
22:05:01.087 [Forwarding sendKeysToElement on session 5010ef7e204650f5b76a6c1cbf3a3bef to remote] DEBUG org.apache.http.headers - http-outgoing-0 >> User-Agent: Apache-HttpClient/4.5.3 (Java/1.8.0_201)
22:05:01.087 [Forwarding sendKeysToElement on session 5010ef7e204650f5b76a6c1cbf3a3bef to remote] DEBUG org.apache.http.headers - http-outgoing-0 >> Accept-Encoding: gzip,deflate
22:05:01.087 [Forwarding sendKeysToElement on session 5010ef7e204650f5b76a6c1cbf3a3bef to remote] DEBUG org.apache.http.wire - http-outgoing-0 >> "POST /session/5010ef7e204650f5b76a6c1cbf3a3bef/element/0.6196172484469056-1/value HTTP/1.1[\r][\n]"
22:05:01.087 [Forwarding sendKeysToElement on session 5010ef7e204650f5b76a6c1cbf3a3bef to remote] DEBUG org.apache.http.wire - http-outgoing-0 >> "Content-Type: application/json; charset=utf-8[\r][\n]"
22:05:01.087 [Forwarding sendKeysToElement on session 5010ef7e204650f5b76a6c1cbf3a3bef to remote] DEBUG org.apache.http.wire - http-outgoing-0 >> "Content-Length: 44[\r][\n]"
22:05:01.087 [Forwarding sendKeysToElement on session 5010ef7e204650f5b76a6c1cbf3a3bef to remote] DEBUG org.apache.http.wire - http-outgoing-0 >> "Host: localhost:34166[\r][\n]"
22:05:01.087 [Forwarding sendKeysToElement on session 5010ef7e204650f5b76a6c1cbf3a3bef to remote] DEBUG org.apache.http.wire - http-outgoing-0 >> "Connection: Keep-Alive[\r][\n]"
22:05:01.087 [Forwarding sendKeysToElement on session 5010ef7e204650f5b76a6c1cbf3a3bef to remote] DEBUG org.apache.http.wire - http-outgoing-0 >> "User-Agent: Apache-HttpClient/4.5.3 (Java/1.8.0_201)[\r][\n]"
22:05:01.087 [Forwarding sendKeysToElement on session 5010ef7e204650f5b76a6c1cbf3a3bef to remote] DEBUG org.apache.http.wire - http-outgoing-0 >> "Accept-Encoding: gzip,deflate[\r][\n]"
22:05:01.087 [Forwarding sendKeysToElement on session 5010ef7e204650f5b76a6c1cbf3a3bef to remote] DEBUG org.apache.http.wire - http-outgoing-0 >> "[\r][\n]"
22:05:01.087 [Forwarding sendKeysToElement on session 5010ef7e204650f5b76a6c1cbf3a3bef to remote] DEBUG org.apache.http.wire - http-outgoing-0 >> "{"id":"0.6196172484469056-1","value":["15"]}"
22:05:01.126 [Forwarding sendKeysToElement on session 5010ef7e204650f5b76a6c1cbf3a3bef to remote] DEBUG org.apache.http.wire - http-outgoing-0 << "HTTP/1.1 200 OK[\r][\n]"
22:05:01.126 [Forwarding sendKeysToElement on session 5010ef7e204650f5b76a6c1cbf3a3bef to remote] DEBUG org.apache.http.wire - http-outgoing-0 << "Content-Length:72[\r][\n]"
22:05:01.126 [Forwarding sendKeysToElement on session 5010ef7e204650f5b76a6c1cbf3a3bef to remote] DEBUG org.apache.http.wire - http-outgoing-0 << "Content-Type:application/json; charset=utf-8[\r][\n]"
22:05:01.126 [Forwarding sendKeysToElement on session 5010ef7e204650f5b76a6c1cbf3a3bef to remote] DEBUG org.apache.http.wire - http-outgoing-0 << "[\r][\n]"
22:05:01.126 [Forwarding sendKeysToElement on session 5010ef7e204650f5b76a6c1cbf3a3bef to remote] DEBUG org.apache.http.wire - http-outgoing-0 << "{"sessionId":"5010ef7e204650f5b76a6c1cbf3a3bef","status":0,"value":null}"
22:05:01.126 [Forwarding sendKeysToElement on session 5010ef7e204650f5b76a6c1cbf3a3bef to remote] DEBUG org.apache.http.headers - http-outgoing-0 << HTTP/1.1 200 OK
22:05:01.126 [Forwarding sendKeysToElement on session 5010ef7e204650f5b76a6c1cbf3a3bef to remote] DEBUG org.apache.http.headers - http-outgoing-0 << Content-Length:72
22:05:01.126 [Forwarding sendKeysToElement on session 5010ef7e204650f5b76a6c1cbf3a3bef to remote] DEBUG org.apache.http.headers - http-outgoing-0 << Content-Type:application/json; charset=utf-8
22:05:01.126 [Forwarding sendKeysToElement on session 5010ef7e204650f5b76a6c1cbf3a3bef to remote] DEBUG org.apache.http.impl.execchain.MainClientExec - Connection can be kept alive indefinitely
22:05:01.126 [Forwarding sendKeysToElement on session 5010ef7e204650f5b76a6c1cbf3a3bef to remote] DEBUG org.apache.http.impl.conn.PoolingHttpClientConnectionManager - Connection [id: 0][route: {}->http://localhost:34166] can be kept alive indefinitely
22:05:01.126 [Forwarding sendKeysToElement on session 5010ef7e204650f5b76a6c1cbf3a3bef to remote] DEBUG org.apache.http.impl.conn.PoolingHttpClientConnectionManager - Connection released: [id: 0][route: {}->http://localhost:34166][total kept alive: 1; route allocated: 1 of 2000; total allocated: 1 of 2000]
22:05:01.127 [Forwarding findElement on session 5010ef7e204650f5b76a6c1cbf3a3bef to remote] DEBUG org.apache.http.client.protocol.RequestAddCookies - CookieSpec selected: default
22:05:01.127 [Forwarding findElement on session 5010ef7e204650f5b76a6c1cbf3a3bef to remote] DEBUG org.apache.http.client.protocol.RequestAuthCache - Auth cache not set in the context
22:05:01.127 [Forwarding findElement on session 5010ef7e204650f5b76a6c1cbf3a3bef to remote] DEBUG org.apache.http.impl.conn.PoolingHttpClientConnectionManager - Connection request: [route: {}->http://localhost:34166][total kept alive: 1; route allocated: 1 of 2000; total allocated: 1 of 2000]
22:05:01.127 [Forwarding findElement on session 5010ef7e204650f5b76a6c1cbf3a3bef to remote] DEBUG org.apache.http.impl.conn.PoolingHttpClientConnectionManager - Connection leased: [id: 0][route: {}->http://localhost:34166][total kept alive: 0; route allocated: 1 of 2000; total allocated: 1 of 2000]
22:05:01.128 [Forwarding findElement on session 5010ef7e204650f5b76a6c1cbf3a3bef to remote] DEBUG org.apache.http.impl.execchain.MainClientExec - Stale connection check
22:05:01.129 [Forwarding findElement on session 5010ef7e204650f5b76a6c1cbf3a3bef to remote] DEBUG org.apache.http.wire - http-outgoing-0 << "[read] I/O error: Read timed out"
22:05:01.129 [Forwarding findElement on session 5010ef7e204650f5b76a6c1cbf3a3bef to remote] DEBUG org.apache.http.impl.conn.DefaultManagedHttpClientConnection - http-outgoing-0: set socket timeout to 10800000
22:05:01.129 [Forwarding findElement on session 5010ef7e204650f5b76a6c1cbf3a3bef to remote] DEBUG org.apache.http.impl.execchain.MainClientExec - Executing request POST /session/5010ef7e204650f5b76a6c1cbf3a3bef/element HTTP/1.1
22:05:01.129 [Forwarding findElement on session 5010ef7e204650f5b76a6c1cbf3a3bef to remote] DEBUG org.apache.http.impl.execchain.MainClientExec - Target auth state: UNCHALLENGED
22:05:01.129 [Forwarding findElement on session 5010ef7e204650f5b76a6c1cbf3a3bef to remote] DEBUG org.apache.http.impl.execchain.MainClientExec - Proxy auth state: UNCHALLENGED
22:05:01.129 [Forwarding findElement on session 5010ef7e204650f5b76a6c1cbf3a3bef to remote] DEBUG org.apache.http.headers - http-outgoing-0 >> POST /session/5010ef7e204650f5b76a6c1cbf3a3bef/element HTTP/1.1
22:05:01.129 [Forwarding findElement on session 5010ef7e204650f5b76a6c1cbf3a3bef to remote] DEBUG org.apache.http.headers - http-outgoing-0 >> Content-Type: application/json; charset=utf-8
22:05:01.129 [Forwarding findElement on session 5010ef7e204650f5b76a6c1cbf3a3bef to remote] DEBUG org.apache.http.headers - http-outgoing-0 >> Content-Length: 28
22:05:01.129 [Forwarding findElement on session 5010ef7e204650f5b76a6c1cbf3a3bef to remote] DEBUG org.apache.http.headers - http-outgoing-0 >> Host: localhost:34166
22:05:01.129 [Forwarding findElement on session 5010ef7e204650f5b76a6c1cbf3a3bef to remote] DEBUG org.apache.http.headers - http-outgoing-0 >> Connection: Keep-Alive
22:05:01.129 [Forwarding findElement on session 5010ef7e204650f5b76a6c1cbf3a3bef to remote] DEBUG org.apache.http.headers - http-outgoing-0 >> User-Agent: Apache-HttpClient/4.5.3 (Java/1.8.0_201)
22:05:01.129 [Forwarding findElement on session 5010ef7e204650f5b76a6c1cbf3a3bef to remote] DEBUG org.apache.http.headers - http-outgoing-0 >> Accept-Encoding: gzip,deflate
22:05:01.129 [Forwarding findElement on session 5010ef7e204650f5b76a6c1cbf3a3bef to remote] DEBUG org.apache.http.wire - http-outgoing-0 >> "POST /session/5010ef7e204650f5b76a6c1cbf3a3bef/element HTTP/1.1[\r][\n]"
22:05:01.129 [Forwarding findElement on session 5010ef7e204650f5b76a6c1cbf3a3bef to remote] DEBUG org.apache.http.wire - http-outgoing-0 >> "Content-Type: application/json; charset=utf-8[\r][\n]"
22:05:01.129 [Forwarding findElement on session 5010ef7e204650f5b76a6c1cbf3a3bef to remote] DEBUG org.apache.http.wire - http-outgoing-0 >> "Content-Length: 28[\r][\n]"
22:05:01.129 [Forwarding findElement on session 5010ef7e204650f5b76a6c1cbf3a3bef to remote] DEBUG org.apache.http.wire - http-outgoing-0 >> "Host: localhost:34166[\r][\n]"
22:05:01.129 [Forwarding findElement on session 5010ef7e204650f5b76a6c1cbf3a3bef to remote] DEBUG org.apache.http.wire - http-outgoing-0 >> "Connection: Keep-Alive[\r][\n]"
22:05:01.129 [Forwarding findElement on session 5010ef7e204650f5b76a6c1cbf3a3bef to remote] DEBUG org.apache.http.wire - http-outgoing-0 >> "User-Agent: Apache-HttpClient/4.5.3 (Java/1.8.0_201)[\r][\n]"
22:05:01.129 [Forwarding findElement on session 5010ef7e204650f5b76a6c1cbf3a3bef to remote] DEBUG org.apache.http.wire - http-outgoing-0 >> "Accept-Encoding: gzip,deflate[\r][\n]"
22:05:01.129 [Forwarding findElement on session 5010ef7e204650f5b76a6c1cbf3a3bef to remote] DEBUG org.apache.http.wire - http-outgoing-0 >> "[\r][\n]"
22:05:01.129 [Forwarding findElement on session 5010ef7e204650f5b76a6c1cbf3a3bef to remote] DEBUG org.apache.http.wire - http-outgoing-0 >> "{"using":"name","value":"b"}"
22:05:01.138 [Forwarding findElement on session 5010ef7e204650f5b76a6c1cbf3a3bef to remote] DEBUG org.apache.http.wire - http-outgoing-0 << "HTTP/1.1 200 OK[\r][\n]"
22:05:01.138 [Forwarding findElement on session 5010ef7e204650f5b76a6c1cbf3a3bef to remote] DEBUG org.apache.http.wire - http-outgoing-0 << "Content-Length:102[\r][\n]"
22:05:01.138 [Forwarding findElement on session 5010ef7e204650f5b76a6c1cbf3a3bef to remote] DEBUG org.apache.http.wire - http-outgoing-0 << "Content-Type:application/json; charset=utf-8[\r][\n]"
22:05:01.138 [Forwarding findElement on session 5010ef7e204650f5b76a6c1cbf3a3bef to remote] DEBUG org.apache.http.wire - http-outgoing-0 << "[\r][\n]"
22:05:01.138 [Forwarding findElement on session 5010ef7e204650f5b76a6c1cbf3a3bef to remote] DEBUG org.apache.http.wire - http-outgoing-0 << "{"sessionId":"5010ef7e204650f5b76a6c1cbf3a3bef","status":0,"value":{"ELEMENT":"0.6196172484469056-2"}}"
22:05:01.138 [Forwarding findElement on session 5010ef7e204650f5b76a6c1cbf3a3bef to remote] DEBUG org.apache.http.headers - http-outgoing-0 << HTTP/1.1 200 OK
22:05:01.138 [Forwarding findElement on session 5010ef7e204650f5b76a6c1cbf3a3bef to remote] DEBUG org.apache.http.headers - http-outgoing-0 << Content-Length:102
22:05:01.138 [Forwarding findElement on session 5010ef7e204650f5b76a6c1cbf3a3bef to remote] DEBUG org.apache.http.headers - http-outgoing-0 << Content-Type:application/json; charset=utf-8
22:05:01.138 [Forwarding findElement on session 5010ef7e204650f5b76a6c1cbf3a3bef to remote] DEBUG org.apache.http.impl.execchain.MainClientExec - Connection can be kept alive indefinitely
22:05:01.138 [Forwarding findElement on session 5010ef7e204650f5b76a6c1cbf3a3bef to remote] DEBUG org.apache.http.impl.conn.PoolingHttpClientConnectionManager - Connection [id: 0][route: {}->http://localhost:34166] can be kept alive indefinitely
22:05:01.138 [Forwarding findElement on session 5010ef7e204650f5b76a6c1cbf3a3bef to remote] DEBUG org.apache.http.impl.conn.PoolingHttpClientConnectionManager - Connection released: [id: 0][route: {}->http://localhost:34166][total kept alive: 1; route allocated: 1 of 2000; total allocated: 1 of 2000]
22:05:01.140 [Forwarding sendKeysToElement on session 5010ef7e204650f5b76a6c1cbf3a3bef to remote] DEBUG org.apache.http.client.protocol.RequestAddCookies - CookieSpec selected: default
22:05:01.140 [Forwarding sendKeysToElement on session 5010ef7e204650f5b76a6c1cbf3a3bef to remote] DEBUG org.apache.http.client.protocol.RequestAuthCache - Auth cache not set in the context
22:05:01.140 [Forwarding sendKeysToElement on session 5010ef7e204650f5b76a6c1cbf3a3bef to remote] DEBUG org.apache.http.impl.conn.PoolingHttpClientConnectionManager - Connection request: [route: {}->http://localhost:34166][total kept alive: 1; route allocated: 1 of 2000; total allocated: 1 of 2000]
22:05:01.140 [Forwarding sendKeysToElement on session 5010ef7e204650f5b76a6c1cbf3a3bef to remote] DEBUG org.apache.http.impl.conn.PoolingHttpClientConnectionManager - Connection leased: [id: 0][route: {}->http://localhost:34166][total kept alive: 0; route allocated: 1 of 2000; total allocated: 1 of 2000]
22:05:01.140 [Forwarding sendKeysToElement on session 5010ef7e204650f5b76a6c1cbf3a3bef to remote] DEBUG org.apache.http.impl.execchain.MainClientExec - Stale connection check
22:05:01.141 [Forwarding sendKeysToElement on session 5010ef7e204650f5b76a6c1cbf3a3bef to remote] DEBUG org.apache.http.wire - http-outgoing-0 << "[read] I/O error: Read timed out"
22:05:01.141 [Forwarding sendKeysToElement on session 5010ef7e204650f5b76a6c1cbf3a3bef to remote] DEBUG org.apache.http.impl.conn.DefaultManagedHttpClientConnection - http-outgoing-0: set socket timeout to 10800000
22:05:01.141 [Forwarding sendKeysToElement on session 5010ef7e204650f5b76a6c1cbf3a3bef to remote] DEBUG org.apache.http.impl.execchain.MainClientExec - Executing request POST /session/5010ef7e204650f5b76a6c1cbf3a3bef/element/0.6196172484469056-2/value HTTP/1.1
22:05:01.141 [Forwarding sendKeysToElement on session 5010ef7e204650f5b76a6c1cbf3a3bef to remote] DEBUG org.apache.http.impl.execchain.MainClientExec - Target auth state: UNCHALLENGED
22:05:01.141 [Forwarding sendKeysToElement on session 5010ef7e204650f5b76a6c1cbf3a3bef to remote] DEBUG org.apache.http.impl.execchain.MainClientExec - Proxy auth state: UNCHALLENGED
22:05:01.141 [Forwarding sendKeysToElement on session 5010ef7e204650f5b76a6c1cbf3a3bef to remote] DEBUG org.apache.http.headers - http-outgoing-0 >> POST /session/5010ef7e204650f5b76a6c1cbf3a3bef/element/0.6196172484469056-2/value HTTP/1.1
22:05:01.141 [Forwarding sendKeysToElement on session 5010ef7e204650f5b76a6c1cbf3a3bef to remote] DEBUG org.apache.http.headers - http-outgoing-0 >> Content-Type: application/json; charset=utf-8
22:05:01.141 [Forwarding sendKeysToElement on session 5010ef7e204650f5b76a6c1cbf3a3bef to remote] DEBUG org.apache.http.headers - http-outgoing-0 >> Content-Length: 43
22:05:01.141 [Forwarding sendKeysToElement on session 5010ef7e204650f5b76a6c1cbf3a3bef to remote] DEBUG org.apache.http.headers - http-outgoing-0 >> Host: localhost:34166
22:05:01.141 [Forwarding sendKeysToElement on session 5010ef7e204650f5b76a6c1cbf3a3bef to remote] DEBUG org.apache.http.headers - http-outgoing-0 >> Connection: Keep-Alive
22:05:01.141 [Forwarding sendKeysToElement on session 5010ef7e204650f5b76a6c1cbf3a3bef to remote] DEBUG org.apache.http.headers - http-outgoing-0 >> User-Agent: Apache-HttpClient/4.5.3 (Java/1.8.0_201)
22:05:01.141 [Forwarding sendKeysToElement on session 5010ef7e204650f5b76a6c1cbf3a3bef to remote] DEBUG org.apache.http.headers - http-outgoing-0 >> Accept-Encoding: gzip,deflate
22:05:01.141 [Forwarding sendKeysToElement on session 5010ef7e204650f5b76a6c1cbf3a3bef to remote] DEBUG org.apache.http.wire - http-outgoing-0 >> "POST /session/5010ef7e204650f5b76a6c1cbf3a3bef/element/0.6196172484469056-2/value HTTP/1.1[\r][\n]"
22:05:01.141 [Forwarding sendKeysToElement on session 5010ef7e204650f5b76a6c1cbf3a3bef to remote] DEBUG org.apache.http.wire - http-outgoing-0 >> "Content-Type: application/json; charset=utf-8[\r][\n]"
22:05:01.141 [Forwarding sendKeysToElement on session 5010ef7e204650f5b76a6c1cbf3a3bef to remote] DEBUG org.apache.http.wire - http-outgoing-0 >> "Content-Length: 43[\r][\n]"
22:05:01.141 [Forwarding sendKeysToElement on session 5010ef7e204650f5b76a6c1cbf3a3bef to remote] DEBUG org.apache.http.wire - http-outgoing-0 >> "Host: localhost:34166[\r][\n]"
22:05:01.141 [Forwarding sendKeysToElement on session 5010ef7e204650f5b76a6c1cbf3a3bef to remote] DEBUG org.apache.http.wire - http-outgoing-0 >> "Connection: Keep-Alive[\r][\n]"
22:05:01.141 [Forwarding sendKeysToElement on session 5010ef7e204650f5b76a6c1cbf3a3bef to remote] DEBUG org.apache.http.wire - http-outgoing-0 >> "User-Agent: Apache-HttpClient/4.5.3 (Java/1.8.0_201)[\r][\n]"
22:05:01.141 [Forwarding sendKeysToElement on session 5010ef7e204650f5b76a6c1cbf3a3bef to remote] DEBUG org.apache.http.wire - http-outgoing-0 >> "Accept-Encoding: gzip,deflate[\r][\n]"
22:05:01.141 [Forwarding sendKeysToElement on session 5010ef7e204650f5b76a6c1cbf3a3bef to remote] DEBUG org.apache.http.wire - http-outgoing-0 >> "[\r][\n]"
22:05:01.141 [Forwarding sendKeysToElement on session 5010ef7e204650f5b76a6c1cbf3a3bef to remote] DEBUG org.apache.http.wire - http-outgoing-0 >> "{"id":"0.6196172484469056-2","value":["5"]}"
22:05:01.179 [Forwarding sendKeysToElement on session 5010ef7e204650f5b76a6c1cbf3a3bef to remote] DEBUG org.apache.http.wire - http-outgoing-0 << "HTTP/1.1 200 OK[\r][\n]"
22:05:01.179 [Forwarding sendKeysToElement on session 5010ef7e204650f5b76a6c1cbf3a3bef to remote] DEBUG org.apache.http.wire - http-outgoing-0 << "Content-Length:72[\r][\n]"
22:05:01.179 [Forwarding sendKeysToElement on session 5010ef7e204650f5b76a6c1cbf3a3bef to remote] DEBUG org.apache.http.wire - http-outgoing-0 << "Content-Type:application/json; charset=utf-8[\r][\n]"
22:05:01.179 [Forwarding sendKeysToElement on session 5010ef7e204650f5b76a6c1cbf3a3bef to remote] DEBUG org.apache.http.wire - http-outgoing-0 << "[\r][\n]"
22:05:01.179 [Forwarding sendKeysToElement on session 5010ef7e204650f5b76a6c1cbf3a3bef to remote] DEBUG org.apache.http.wire - http-outgoing-0 << "{"sessionId":"5010ef7e204650f5b76a6c1cbf3a3bef","status":0,"value":null}"
22:05:01.179 [Forwarding sendKeysToElement on session 5010ef7e204650f5b76a6c1cbf3a3bef to remote] DEBUG org.apache.http.headers - http-outgoing-0 << HTTP/1.1 200 OK
22:05:01.179 [Forwarding sendKeysToElement on session 5010ef7e204650f5b76a6c1cbf3a3bef to remote] DEBUG org.apache.http.headers - http-outgoing-0 << Content-Length:72
22:05:01.179 [Forwarding sendKeysToElement on session 5010ef7e204650f5b76a6c1cbf3a3bef to remote] DEBUG org.apache.http.headers - http-outgoing-0 << Content-Type:application/json; charset=utf-8
22:05:01.179 [Forwarding sendKeysToElement on session 5010ef7e204650f5b76a6c1cbf3a3bef to remote] DEBUG org.apache.http.impl.execchain.MainClientExec - Connection can be kept alive indefinitely
22:05:01.180 [Forwarding sendKeysToElement on session 5010ef7e204650f5b76a6c1cbf3a3bef to remote] DEBUG org.apache.http.impl.conn.PoolingHttpClientConnectionManager - Connection [id: 0][route: {}->http://localhost:34166] can be kept alive indefinitely
[...]
22:05:11.145 [Forwarding clickElement on session 5010ef7e204650f5b76a6c1cbf3a3bef to remote] DEBUG org.apache.http.impl.execchain.MainClientExec - Executing request POST /session/5010ef7e204650f5b76a6c1cbf3a3bef/element/0.8539885529533777-5/click HTTP/1.1
22:05:11.145 [Forwarding clickElement on session 5010ef7e204650f5b76a6c1cbf3a3bef to remote] DEBUG org.apache.http.impl.execchain.MainClientExec - Target auth state: UNCHALLENGED
22:05:11.145 [Forwarding clickElement on session 5010ef7e204650f5b76a6c1cbf3a3bef to remote] DEBUG org.apache.http.impl.execchain.MainClientExec - Proxy auth state: UNCHALLENGED
22:05:11.145 [Forwarding clickElement on session 5010ef7e204650f5b76a6c1cbf3a3bef to remote] DEBUG org.apache.http.headers - http-outgoing-0 >> POST /session/5010ef7e204650f5b76a6c1cbf3a3bef/element/0.8539885529533777-5/click HTTP/1.1
22:05:11.145 [Forwarding clickElement on session 5010ef7e204650f5b76a6c1cbf3a3bef to remote] DEBUG org.apache.http.headers - http-outgoing-0 >> Content-Type: application/json; charset=utf-8
22:05:11.145 [Forwarding clickElement on session 5010ef7e204650f5b76a6c1cbf3a3bef to remote] DEBUG org.apache.http.headers - http-outgoing-0 >> Content-Length: 29
22:05:11.145 [Forwarding clickElement on session 5010ef7e204650f5b76a6c1cbf3a3bef to remote] DEBUG org.apache.http.headers - http-outgoing-0 >> Host: localhost:34166
22:05:11.145 [Forwarding clickElement on session 5010ef7e204650f5b76a6c1cbf3a3bef to remote] DEBUG org.apache.http.headers - http-outgoing-0 >> Connection: Keep-Alive
22:05:11.145 [Forwarding clickElement on session 5010ef7e204650f5b76a6c1cbf3a3bef to remote] DEBUG org.apache.http.headers - http-outgoing-0 >> User-Agent: Apache-HttpClient/4.5.3 (Java/1.8.0_201)
22:05:11.145 [Forwarding clickElement on session 5010ef7e204650f5b76a6c1cbf3a3bef to remote] DEBUG org.apache.http.headers - http-outgoing-0 >> Accept-Encoding: gzip,deflate
22:05:11.145 [Forwarding clickElement on session 5010ef7e204650f5b76a6c1cbf3a3bef to remote] DEBUG org.apache.http.wire - http-outgoing-0 >> "POST /session/5010ef7e204650f5b76a6c1cbf3a3bef/element/0.8539885529533777-5/click HTTP/1.1[\r][\n]"
22:05:11.145 [Forwarding clickElement on session 5010ef7e204650f5b76a6c1cbf3a3bef to remote] DEBUG org.apache.http.wire - http-outgoing-0 >> "Content-Type: application/json; charset=utf-8[\r][\n]"
22:05:11.145 [Forwarding clickElement on session 5010ef7e204650f5b76a6c1cbf3a3bef to remote] DEBUG org.apache.http.wire - http-outgoing-0 >> "Content-Length: 29[\r][\n]"
22:05:11.145 [Forwarding clickElement on session 5010ef7e204650f5b76a6c1cbf3a3bef to remote] DEBUG org.apache.http.wire - http-outgoing-0 >> "Host: localhost:34166[\r][\n]"
22:05:11.145 [Forwarding clickElement on session 5010ef7e204650f5b76a6c1cbf3a3bef to remote] DEBUG org.apache.http.wire - http-outgoing-0 >> "Connection: Keep-Alive[\r][\n]"
22:05:11.145 [Forwarding clickElement on session 5010ef7e204650f5b76a6c1cbf3a3bef to remote] DEBUG org.apache.http.wire - http-outgoing-0 >> "User-Agent: Apache-HttpClient/4.5.3 (Java/1.8.0_201)[\r][\n]"
22:05:11.145 [Forwarding clickElement on session 5010ef7e204650f5b76a6c1cbf3a3bef to remote] DEBUG org.apache.http.wire - http-outgoing-0 >> "Accept-Encoding: gzip,deflate[\r][\n]"
22:05:11.145 [Forwarding clickElement on session 5010ef7e204650f5b76a6c1cbf3a3bef to remote] DEBUG org.apache.http.wire - http-outgoing-0 >> "[\r][\n]"
22:05:11.145 [Forwarding clickElement on session 5010ef7e204650f5b76a6c1cbf3a3bef to remote] DEBUG org.apache.http.wire - http-outgoing-0 >> "{"id":"0.8539885529533777-5"}"
22:05:11.204 [Forwarding clickElement on session 5010ef7e204650f5b76a6c1cbf3a3bef to remote] DEBUG org.apache.http.wire - http-outgoing-0 << "HTTP/1.1 200 OK[\r][\n]"
22:05:11.204 [Forwarding clickElement on session 5010ef7e204650f5b76a6c1cbf3a3bef to remote] DEBUG org.apache.http.wire - http-outgoing-0 << "Content-Length:72[\r][\n]"
22:05:11.205 [Forwarding clickElement on session 5010ef7e204650f5b76a6c1cbf3a3bef to remote] DEBUG org.apache.http.wire - http-outgoing-0 << "Content-Type:application/json; charset=utf-8[\r][\n]"
22:05:11.205 [Forwarding clickElement on session 5010ef7e204650f5b76a6c1cbf3a3bef to remote] DEBUG org.apache.http.wire - http-outgoing-0 << "[\r][\n]"
22:05:11.205 [Forwarding clickElement on session 5010ef7e204650f5b76a6c1cbf3a3bef to remote] DEBUG org.apache.http.wire - http-outgoing-0 << "{"sessionId":"5010ef7e204650f5b76a6c1cbf3a3bef","status":0,"value":null}"
22:05:11.205 [Forwarding clickElement on session 5010ef7e204650f5b76a6c1cbf3a3bef to remote] DEBUG org.apache.http.headers - http-outgoing-0 << HTTP/1.1 200 OK
22:05:11.205 [Forwarding clickElement on session 5010ef7e204650f5b76a6c1cbf3a3bef to remote] DEBUG org.apache.http.headers - http-outgoing-0 << Content-Length:72
22:05:11.205 [Forwarding clickElement on session 5010ef7e204650f5b76a6c1cbf3a3bef to remote] DEBUG org.apache.http.headers - http-outgoing-0 << Content-Type:application/json; charset=utf-8
22:05:11.205 [Forwarding clickElement on session 5010ef7e204650f5b76a6c1cbf3a3bef to remote] DEBUG org.apache.http.impl.execchain.MainClientExec - Connection can be kept alive indefinitely
22:05:11.206 [Forwarding clickElement on session 5010ef7e204650f5b76a6c1cbf3a3bef to remote] DEBUG org.apache.http.impl.conn.PoolingHttpClientConnectionManager - Connection [id: 0][route: {}->http://localhost:34166] can be kept alive indefinitely
22:05:11.206 [Forwarding clickElement on session 5010ef7e204650f5b76a6c1cbf3a3bef to remote] DEBUG org.apache.http.impl.conn.PoolingHttpClientConnectionManager - Connection released: [id: 0][route: {}->http://localhost:34166][total kept alive: 1; route allocated: 1 of 2000; total allocated: 1 of 2000]
22:05:14.208 [Forwarding findElement on session 5010ef7e204650f5b76a6c1cbf3a3bef to remote] DEBUG org.apache.http.client.protocol.RequestAddCookies - CookieSpec selected: default
22:05:14.208 [Forwarding findElement on session 5010ef7e204650f5b76a6c1cbf3a3bef to remote] DEBUG org.apache.http.client.protocol.RequestAuthCache - Auth cache not set in the context
22:05:14.208 [Forwarding findElement on session 5010ef7e204650f5b76a6c1cbf3a3bef to remote] DEBUG org.apache.http.impl.conn.PoolingHttpClientConnectionManager - Connection request: [route: {}->http://localhost:34166][total kept alive: 1; route allocated: 1 of 2000; total allocated: 1 of 2000]
22:05:14.210 [Forwarding findElement on session 5010ef7e204650f5b76a6c1cbf3a3bef to remote] DEBUG org.apache.http.wire - http-outgoing-0 << "[read] I/O error: Read timed out"
22:05:14.210 [Forwarding findElement on session 5010ef7e204650f5b76a6c1cbf3a3bef to remote] DEBUG org.apache.http.impl.conn.PoolingHttpClientConnectionManager - Connection leased: [id: 0][route: {}->http://localhost:34166][total kept alive: 0; route allocated: 1 of 2000; total allocated: 1 of 2000]
22:05:14.210 [Forwarding findElement on session 5010ef7e204650f5b76a6c1cbf3a3bef to remote] DEBUG org.apache.http.impl.execchain.MainClientExec - Stale connection check
22:05:14.212 [Forwarding findElement on session 5010ef7e204650f5b76a6c1cbf3a3bef to remote] DEBUG org.apache.http.wire - http-outgoing-0 << "[read] I/O error: Read timed out"
22:05:14.212 [Forwarding findElement on session 5010ef7e204650f5b76a6c1cbf3a3bef to remote] DEBUG org.apache.http.impl.conn.DefaultManagedHttpClientConnection - http-outgoing-0: set socket timeout to 10800000
22:05:14.212 [Forwarding findElement on session 5010ef7e204650f5b76a6c1cbf3a3bef to remote] DEBUG org.apache.http.impl.execchain.MainClientExec - Executing request POST /session/5010ef7e204650f5b76a6c1cbf3a3bef/element HTTP/1.1
22:05:14.212 [Forwarding findElement on session 5010ef7e204650f5b76a6c1cbf3a3bef to remote] DEBUG org.apache.http.impl.execchain.MainClientExec - Target auth state: UNCHALLENGED
22:05:14.212 [Forwarding findElement on session 5010ef7e204650f5b76a6c1cbf3a3bef to remote] DEBUG org.apache.http.impl.execchain.MainClientExec - Proxy auth state: UNCHALLENGED
22:05:14.212 [Forwarding findElement on session 5010ef7e204650f5b76a6c1cbf3a3bef to remote] DEBUG org.apache.http.headers - http-outgoing-0 >> POST /session/5010ef7e204650f5b76a6c1cbf3a3bef/element HTTP/1.1
22:05:14.212 [Forwarding findElement on session 5010ef7e204650f5b76a6c1cbf3a3bef to remote] DEBUG org.apache.http.headers - http-outgoing-0 >> Content-Type: application/json; charset=utf-8
22:05:14.212 [Forwarding findElement on session 5010ef7e204650f5b76a6c1cbf3a3bef to remote] DEBUG org.apache.http.headers - http-outgoing-0 >> Content-Length: 51
22:05:14.212 [Forwarding findElement on session 5010ef7e204650f5b76a6c1cbf3a3bef to remote] DEBUG org.apache.http.headers - http-outgoing-0 >> Host: localhost:34166
22:05:14.212 [Forwarding findElement on session 5010ef7e204650f5b76a6c1cbf3a3bef to remote] DEBUG org.apache.http.headers - http-outgoing-0 >> Connection: Keep-Alive
22:05:14.212 [Forwarding findElement on session 5010ef7e204650f5b76a6c1cbf3a3bef to remote] DEBUG org.apache.http.headers - http-outgoing-0 >> User-Agent: Apache-HttpClient/4.5.3 (Java/1.8.0_201)
22:05:14.212 [Forwarding findElement on session 5010ef7e204650f5b76a6c1cbf3a3bef to remote] DEBUG org.apache.http.headers - http-outgoing-0 >> Accept-Encoding: gzip,deflate
22:05:14.212 [Forwarding findElement on session 5010ef7e204650f5b76a6c1cbf3a3bef to remote] DEBUG org.apache.http.wire - http-outgoing-0 >> "POST /session/5010ef7e204650f5b76a6c1cbf3a3bef/element HTTP/1.1[\r][\n]"
22:05:14.212 [Forwarding findElement on session 5010ef7e204650f5b76a6c1cbf3a3bef to remote] DEBUG org.apache.http.wire - http-outgoing-0 >> "Content-Type: application/json; charset=utf-8[\r][\n]"
22:05:14.212 [Forwarding findElement on session 5010ef7e204650f5b76a6c1cbf3a3bef to remote] DEBUG org.apache.http.wire - http-outgoing-0 >> "Content-Length: 51[\r][\n]"
22:05:14.212 [Forwarding findElement on session 5010ef7e204650f5b76a6c1cbf3a3bef to remote] DEBUG org.apache.http.wire - http-outgoing-0 >> "Host: localhost:34166[\r][\n]"
22:05:14.212 [Forwarding findElement on session 5010ef7e204650f5b76a6c1cbf3a3bef to remote] DEBUG org.apache.http.wire - http-outgoing-0 >> "Connection: Keep-Alive[\r][\n]"
22:05:14.212 [Forwarding findElement on session 5010ef7e204650f5b76a6c1cbf3a3bef to remote] DEBUG org.apache.http.wire - http-outgoing-0 >> "User-Agent: Apache-HttpClient/4.5.3 (Java/1.8.0_201)[\r][\n]"
22:05:14.212 [Forwarding findElement on session 5010ef7e204650f5b76a6c1cbf3a3bef to remote] DEBUG org.apache.http.wire - http-outgoing-0 >> "Accept-Encoding: gzip,deflate[\r][\n]"
22:05:14.212 [Forwarding findElement on session 5010ef7e204650f5b76a6c1cbf3a3bef to remote] DEBUG org.apache.http.wire - http-outgoing-0 >> "[\r][\n]"
22:05:14.212 [Forwarding findElement on session 5010ef7e204650f5b76a6c1cbf3a3bef to remote] DEBUG org.apache.http.wire - http-outgoing-0 >> "{"using":"xpath","value":"/html/body/form/h1[2]/p"}"
22:05:14.219 [Forwarding findElement on session 5010ef7e204650f5b76a6c1cbf3a3bef to remote] DEBUG org.apache.http.wire - http-outgoing-0 << "HTTP/1.1 200 OK[\r][\n]"
22:05:14.219 [Forwarding findElement on session 5010ef7e204650f5b76a6c1cbf3a3bef to remote] DEBUG org.apache.http.wire - http-outgoing-0 << "Content-Length:102[\r][\n]"
22:05:14.219 [Forwarding findElement on session 5010ef7e204650f5b76a6c1cbf3a3bef to remote] DEBUG org.apache.http.wire - http-outgoing-0 << "Content-Type:application/json; charset=utf-8[\r][\n]"
22:05:14.219 [Forwarding findElement on session 5010ef7e204650f5b76a6c1cbf3a3bef to remote] DEBUG org.apache.http.wire - http-outgoing-0 << "[\r][\n]"
22:05:14.219 [Forwarding findElement on session 5010ef7e204650f5b76a6c1cbf3a3bef to remote] DEBUG org.apache.http.wire - http-outgoing-0 << "{"sessionId":"5010ef7e204650f5b76a6c1cbf3a3bef","status":0,"value":{"ELEMENT":"0.4314252899535913-1"}}"
22:05:14.219 [Forwarding findElement on session 5010ef7e204650f5b76a6c1cbf3a3bef to remote] DEBUG org.apache.http.headers - http-outgoing-0 << HTTP/1.1 200 OK
22:05:14.219 [Forwarding findElement on session 5010ef7e204650f5b76a6c1cbf3a3bef to remote] DEBUG org.apache.http.headers - http-outgoing-0 << Content-Length:102
22:05:14.219 [Forwarding findElement on session 5010ef7e204650f5b76a6c1cbf3a3bef to remote] DEBUG org.apache.http.headers - http-outgoing-0 << Content-Type:application/json; charset=utf-8
22:05:14.219 [Forwarding findElement on session 5010ef7e204650f5b76a6c1cbf3a3bef to remote] DEBUG org.apache.http.impl.execchain.MainClientExec - Connection can be kept alive indefinitely
22:05:14.219 [Forwarding findElement on session 5010ef7e204650f5b76a6c1cbf3a3bef to remote] DEBUG org.apache.http.impl.conn.PoolingHttpClientConnectionManager - Connection [id: 0][route: {}->http://localhost:34166] can be kept alive indefinitely
22:05:14.220 [Forwarding findElement on session 5010ef7e204650f5b76a6c1cbf3a3bef to remote] DEBUG org.apache.http.impl.conn.PoolingHttpClientConnectionManager - Connection released: [id: 0][route: {}->http://localhost:34166][total kept alive: 1; route allocated: 1 of 2000; total allocated: 1 of 2000]
22:05:14.220 [Forwarding getElementText on session 5010ef7e204650f5b76a6c1cbf3a3bef to remote] DEBUG org.apache.http.client.protocol.RequestAddCookies - CookieSpec selected: default
22:05:14.221 [Forwarding getElementText on session 5010ef7e204650f5b76a6c1cbf3a3bef to remote] DEBUG org.apache.http.client.protocol.RequestAuthCache - Auth cache not set in the context
22:05:14.221 [Forwarding getElementText on session 5010ef7e204650f5b76a6c1cbf3a3bef to remote] DEBUG org.apache.http.impl.conn.PoolingHttpClientConnectionManager - Connection request: [route: {}->http://localhost:34166][total kept alive: 1; route allocated: 1 of 2000; total allocated: 1 of 2000]
22:05:14.221 [Forwarding getElementText on session 5010ef7e204650f5b76a6c1cbf3a3bef to remote] DEBUG org.apache.http.impl.conn.PoolingHttpClientConnectionManager - Connection leased: [id: 0][route: {}->http://localhost:34166][total kept alive: 0; route allocated: 1 of 2000; total allocated: 1 of 2000]
22:05:14.221 [Forwarding getElementText on session 5010ef7e204650f5b76a6c1cbf3a3bef to remote] DEBUG org.apache.http.impl.execchain.MainClientExec - Stale connection check
22:05:14.222 [Forwarding getElementText on session 5010ef7e204650f5b76a6c1cbf3a3bef to remote] DEBUG org.apache.http.wire - http-outgoing-0 << "[read] I/O error: Read timed out"
22:05:14.222 [Forwarding getElementText on session 5010ef7e204650f5b76a6c1cbf3a3bef to remote] DEBUG org.apache.http.impl.conn.DefaultManagedHttpClientConnection - http-outgoing-0: set socket timeout to 10800000
22:05:14.222 [Forwarding getElementText on session 5010ef7e204650f5b76a6c1cbf3a3bef to remote] DEBUG org.apache.http.impl.execchain.MainClientExec - Executing request GET /session/5010ef7e204650f5b76a6c1cbf3a3bef/element/0.4314252899535913-1/text HTTP/1.1
22:05:14.222 [Forwarding getElementText on session 5010ef7e204650f5b76a6c1cbf3a3bef to remote] DEBUG org.apache.http.impl.execchain.MainClientExec - Target auth state: UNCHALLENGED
22:05:14.222 [Forwarding getElementText on session 5010ef7e204650f5b76a6c1cbf3a3bef to remote] DEBUG org.apache.http.impl.execchain.MainClientExec - Proxy auth state: UNCHALLENGED
22:05:14.222 [Forwarding getElementText on session 5010ef7e204650f5b76a6c1cbf3a3bef to remote] DEBUG org.apache.http.headers - http-outgoing-0 >> GET /session/5010ef7e204650f5b76a6c1cbf3a3bef/element/0.4314252899535913-1/text HTTP/1.1
22:05:14.222 [Forwarding getElementText on session 5010ef7e204650f5b76a6c1cbf3a3bef to remote] DEBUG org.apache.http.headers - http-outgoing-0 >> Cache-Control: no-cache
22:05:14.222 [Forwarding getElementText on session 5010ef7e204650f5b76a6c1cbf3a3bef to remote] DEBUG org.apache.http.headers - http-outgoing-0 >> Host: localhost:34166
22:05:14.222 [Forwarding getElementText on session 5010ef7e204650f5b76a6c1cbf3a3bef to remote] DEBUG org.apache.http.headers - http-outgoing-0 >> Connection: Keep-Alive
22:05:14.222 [Forwarding getElementText on session 5010ef7e204650f5b76a6c1cbf3a3bef to remote] DEBUG org.apache.http.headers - http-outgoing-0 >> User-Agent: Apache-HttpClient/4.5.3 (Java/1.8.0_201)
22:05:14.222 [Forwarding getElementText on session 5010ef7e204650f5b76a6c1cbf3a3bef to remote] DEBUG org.apache.http.headers - http-outgoing-0 >> Accept-Encoding: gzip,deflate
22:05:14.222 [Forwarding getElementText on session 5010ef7e204650f5b76a6c1cbf3a3bef to remote] DEBUG org.apache.http.wire - http-outgoing-0 >> "GET /session/5010ef7e204650f5b76a6c1cbf3a3bef/element/0.4314252899535913-1/text HTTP/1.1[\r][\n]"
22:05:14.222 [Forwarding getElementText on session 5010ef7e204650f5b76a6c1cbf3a3bef to remote] DEBUG org.apache.http.wire - http-outgoing-0 >> "Cache-Control: no-cache[\r][\n]"
22:05:14.222 [Forwarding getElementText on session 5010ef7e204650f5b76a6c1cbf3a3bef to remote] DEBUG org.apache.http.wire - http-outgoing-0 >> "Host: localhost:34166[\r][\n]"
22:05:14.222 [Forwarding getElementText on session 5010ef7e204650f5b76a6c1cbf3a3bef to remote] DEBUG org.apache.http.wire - http-outgoing-0 >> "Connection: Keep-Alive[\r][\n]"
22:05:14.222 [Forwarding getElementText on session 5010ef7e204650f5b76a6c1cbf3a3bef to remote] DEBUG org.apache.http.wire - http-outgoing-0 >> "User-Agent: Apache-HttpClient/4.5.3 (Java/1.8.0_201)[\r][\n]"
22:05:14.222 [Forwarding getElementText on session 5010ef7e204650f5b76a6c1cbf3a3bef to remote] DEBUG org.apache.http.wire - http-outgoing-0 >> "Accept-Encoding: gzip,deflate[\r][\n]"
22:05:14.222 [Forwarding getElementText on session 5010ef7e204650f5b76a6c1cbf3a3bef to remote] DEBUG org.apache.http.wire - http-outgoing-0 >> "[\r][\n]"
22:05:14.233 [Forwarding getElementText on session 5010ef7e204650f5b76a6c1cbf3a3bef to remote] DEBUG org.apache.http.wire - http-outgoing-0 << "HTTP/1.1 200 OK[\r][\n]"
22:05:14.233 [Forwarding getElementText on session 5010ef7e204650f5b76a6c1cbf3a3bef to remote] DEBUG org.apache.http.wire - http-outgoing-0 << "Content-Length:83[\r][\n]"
22:05:14.233 [Forwarding getElementText on session 5010ef7e204650f5b76a6c1cbf3a3bef to remote] DEBUG org.apache.http.wire - http-outgoing-0 << "Content-Type:application/json; charset=utf-8[\r][\n]"
22:05:14.233 [Forwarding getElementText on session 5010ef7e204650f5b76a6c1cbf3a3bef to remote] DEBUG org.apache.http.wire - http-outgoing-0 << "[\r][\n]"
22:05:14.233 [Forwarding getElementText on session 5010ef7e204650f5b76a6c1cbf3a3bef to remote] DEBUG org.apache.http.wire - http-outgoing-0 << "{"sessionId":"5010ef7e204650f5b76a6c1cbf3a3bef","status":0,"value":"Resultado: 12"}"
22:05:14.233 [Forwarding getElementText on session 5010ef7e204650f5b76a6c1cbf3a3bef to remote] DEBUG org.apache.http.headers - http-outgoing-0 << HTTP/1.1 200 OK
22:05:14.233 [Forwarding getElementText on session 5010ef7e204650f5b76a6c1cbf3a3bef to remote] DEBUG org.apache.http.headers - http-outgoing-0 << Content-Length:83
22:05:14.233 [Forwarding getElementText on session 5010ef7e204650f5b76a6c1cbf3a3bef to remote] DEBUG org.apache.http.headers - http-outgoing-0 << Content-Type:application/json; charset=utf-8
22:05:14.233 [Forwarding getElementText on session 5010ef7e204650f5b76a6c1cbf3a3bef to remote] DEBUG org.apache.http.impl.execchain.MainClientExec - Connection can be kept alive indefinitely
22:05:14.233 [Forwarding getElementText on session 5010ef7e204650f5b76a6c1cbf3a3bef to remote] DEBUG org.apache.http.impl.conn.PoolingHttpClientConnectionManager - Connection [id: 0][route: {}->http://localhost:34166] can be kept alive indefinitely
22:05:14.233 [Forwarding getElementText on session 5010ef7e204650f5b76a6c1cbf3a3bef to remote] DEBUG org.apache.http.impl.conn.PoolingHttpClientConnectionManager - Connection released: [id: 0][route: {}->http://localhost:34166][total kept alive: 1; route allocated: 1 of 2000; total allocated: 1 of 2000]
]]></system-out>
  </testcase>
</testsuite>